{"C:\\Users\\mirza\\.gemini\\antigravity\\scratch\\InvoiceAZ\\frontend\\src\\App.jsx": {"path":"C:\\Users\\mirza\\.gemini\\antigravity\\scratch\\InvoiceAZ\\frontend\\src\\App.jsx","statementMap":{"0":{"start":{"line":17,"column":20},"end":{"line":48,"column":null}},"1":{"start":{"line":50,"column":25},"end":{"line":57,"column":null}},"2":{"start":{"line":51,"column":8},"end":{"line":51,"column":null}},"3":{"start":{"line":52,"column":2},"end":{"line":55,"column":null}},"4":{"start":{"line":53,"column":18},"end":{"line":53,"column":null}},"5":{"start":{"line":54,"column":4},"end":{"line":54,"column":null}},"6":{"start":{"line":56,"column":2},"end":{"line":56,"column":null}},"7":{"start":{"line":60,"column":17},"end":{"line":95,"column":null}},"8":{"start":{"line":61,"column":48},"end":{"line":61,"column":null}},"9":{"start":{"line":62,"column":8},"end":{"line":62,"column":null}},"10":{"start":{"line":62,"column":37},"end":{"line":62,"column":47}},"11":{"start":{"line":63,"column":8},"end":{"line":63,"column":null}},"12":{"start":{"line":64,"column":8},"end":{"line":64,"column":null}},"13":{"start":{"line":67,"column":2},"end":{"line":67,"column":null}},"14":{"start":{"line":67,"column":26},"end":{"line":67,"column":null}},"15":{"start":{"line":70,"column":2},"end":{"line":70,"column":null}},"16":{"start":{"line":70,"column":49},"end":{"line":70,"column":null}},"17":{"start":{"line":73,"column":2},"end":{"line":78,"column":null}},"18":{"start":{"line":74,"column":4},"end":{"line":76,"column":null}},"19":{"start":{"line":75,"column":6},"end":{"line":75,"column":null}},"20":{"start":{"line":77,"column":4},"end":{"line":77,"column":null}},"21":{"start":{"line":81,"column":6},"end":{"line":81,"column":null}},"22":{"start":{"line":83,"column":2},"end":{"line":85,"column":null}},"23":{"start":{"line":84,"column":4},"end":{"line":84,"column":null}},"24":{"start":{"line":89,"column":2},"end":{"line":89,"column":null}},"25":{"start":{"line":89,"column":13},"end":{"line":89,"column":null}},"26":{"start":{"line":91,"column":26},"end":{"line":91,"column":null}},"27":{"start":{"line":91,"column":41},"end":{"line":91,"column":71}},"28":{"start":{"line":92,"column":2},"end":{"line":92,"column":null}},"29":{"start":{"line":92,"column":38},"end":{"line":92,"column":null}},"30":{"start":{"line":94,"column":2},"end":{"line":94,"column":null}},"31":{"start":{"line":98,"column":6},"end":{"line":98,"column":null}},"32":{"start":{"line":98,"column":29},"end":{"line":98,"column":null}},"33":{"start":{"line":99,"column":6},"end":{"line":99,"column":null}},"34":{"start":{"line":99,"column":27},"end":{"line":99,"column":null}},"35":{"start":{"line":100,"column":6},"end":{"line":100,"column":null}},"36":{"start":{"line":100,"column":28},"end":{"line":100,"column":null}},"37":{"start":{"line":101,"column":6},"end":{"line":101,"column":null}},"38":{"start":{"line":101,"column":28},"end":{"line":101,"column":null}},"39":{"start":{"line":102,"column":6},"end":{"line":102,"column":null}},"40":{"start":{"line":102,"column":36},"end":{"line":102,"column":null}},"41":{"start":{"line":103,"column":6},"end":{"line":103,"column":null}},"42":{"start":{"line":103,"column":32},"end":{"line":103,"column":null}},"43":{"start":{"line":104,"column":6},"end":{"line":104,"column":null}},"44":{"start":{"line":104,"column":34},"end":{"line":104,"column":null}},"45":{"start":{"line":105,"column":6},"end":{"line":105,"column":null}},"46":{"start":{"line":105,"column":31},"end":{"line":105,"column":null}},"47":{"start":{"line":106,"column":6},"end":{"line":106,"column":null}},"48":{"start":{"line":106,"column":25},"end":{"line":106,"column":null}},"49":{"start":{"line":107,"column":6},"end":{"line":107,"column":null}},"50":{"start":{"line":107,"column":28},"end":{"line":107,"column":null}},"51":{"start":{"line":108,"column":6},"end":{"line":108,"column":null}},"52":{"start":{"line":108,"column":34},"end":{"line":108,"column":null}},"53":{"start":{"line":109,"column":6},"end":{"line":109,"column":null}},"54":{"start":{"line":109,"column":32},"end":{"line":109,"column":null}},"55":{"start":{"line":110,"column":6},"end":{"line":110,"column":null}},"56":{"start":{"line":110,"column":41},"end":{"line":110,"column":null}},"57":{"start":{"line":111,"column":6},"end":{"line":111,"column":null}},"58":{"start":{"line":111,"column":31},"end":{"line":111,"column":null}},"59":{"start":{"line":112,"column":6},"end":{"line":112,"column":null}},"60":{"start":{"line":112,"column":33},"end":{"line":112,"column":null}},"61":{"start":{"line":113,"column":6},"end":{"line":113,"column":null}},"62":{"start":{"line":113,"column":33},"end":{"line":113,"column":null}},"63":{"start":{"line":114,"column":6},"end":{"line":114,"column":null}},"64":{"start":{"line":114,"column":39},"end":{"line":114,"column":null}},"65":{"start":{"line":115,"column":6},"end":{"line":115,"column":null}},"66":{"start":{"line":115,"column":37},"end":{"line":115,"column":null}},"67":{"start":{"line":116,"column":6},"end":{"line":116,"column":null}},"68":{"start":{"line":116,"column":36},"end":{"line":116,"column":null}},"69":{"start":{"line":117,"column":6},"end":{"line":117,"column":null}},"70":{"start":{"line":117,"column":30},"end":{"line":117,"column":null}},"71":{"start":{"line":118,"column":6},"end":{"line":118,"column":null}},"72":{"start":{"line":118,"column":31},"end":{"line":118,"column":null}},"73":{"start":{"line":119,"column":6},"end":{"line":119,"column":null}},"74":{"start":{"line":119,"column":28},"end":{"line":119,"column":null}},"75":{"start":{"line":120,"column":6},"end":{"line":120,"column":null}},"76":{"start":{"line":120,"column":36},"end":{"line":120,"column":null}},"77":{"start":{"line":122,"column":6},"end":{"line":122,"column":null}},"78":{"start":{"line":122,"column":33},"end":{"line":122,"column":null}},"79":{"start":{"line":123,"column":6},"end":{"line":123,"column":null}},"80":{"start":{"line":123,"column":33},"end":{"line":123,"column":null}},"81":{"start":{"line":124,"column":6},"end":{"line":124,"column":null}},"82":{"start":{"line":124,"column":31},"end":{"line":124,"column":null}},"83":{"start":{"line":125,"column":6},"end":{"line":125,"column":null}},"84":{"start":{"line":125,"column":31},"end":{"line":125,"column":null}},"85":{"start":{"line":126,"column":6},"end":{"line":126,"column":null}},"86":{"start":{"line":126,"column":29},"end":{"line":126,"column":null}},"87":{"start":{"line":127,"column":6},"end":{"line":127,"column":null}},"88":{"start":{"line":127,"column":29},"end":{"line":127,"column":null}},"89":{"start":{"line":128,"column":6},"end":{"line":128,"column":null}},"90":{"start":{"line":128,"column":33},"end":{"line":128,"column":null}},"91":{"start":{"line":129,"column":6},"end":{"line":129,"column":null}},"92":{"start":{"line":129,"column":27},"end":{"line":129,"column":null}},"93":{"start":{"line":130,"column":6},"end":{"line":130,"column":null}},"94":{"start":{"line":130,"column":30},"end":{"line":130,"column":null}},"95":{"start":{"line":131,"column":6},"end":{"line":131,"column":null}},"96":{"start":{"line":131,"column":34},"end":{"line":131,"column":null}},"97":{"start":{"line":132,"column":6},"end":{"line":132,"column":null}},"98":{"start":{"line":132,"column":34},"end":{"line":132,"column":null}},"99":{"start":{"line":133,"column":6},"end":{"line":133,"column":null}},"100":{"start":{"line":133,"column":40},"end":{"line":133,"column":null}},"101":{"start":{"line":134,"column":6},"end":{"line":134,"column":null}},"102":{"start":{"line":134,"column":31},"end":{"line":134,"column":null}},"103":{"start":{"line":136,"column":20},"end":{"line":143,"column":null}},"104":{"start":{"line":145,"column":23},"end":{"line":149,"column":null}},"105":{"start":{"line":146,"column":8},"end":{"line":146,"column":null}},"106":{"start":{"line":146,"column":40},"end":{"line":146,"column":51}},"107":{"start":{"line":147,"column":2},"end":{"line":147,"column":null}},"108":{"start":{"line":147,"column":14},"end":{"line":147,"column":null}},"109":{"start":{"line":148,"column":2},"end":{"line":148,"column":null}},"110":{"start":{"line":151,"column":22},"end":{"line":167,"column":null}},"111":{"start":{"line":152,"column":2},"end":{"line":167,"column":null}},"112":{"start":{"line":170,"column":28},"end":{"line":269,"column":null}},"113":{"start":{"line":171,"column":2},"end":{"line":171,"column":null}},"114":{"start":{"line":173,"column":2},"end":{"line":267,"column":null}},"115":{"start":{"line":272,"column":31},"end":{"line":272,"column":null}},"116":{"start":{"line":274,"column":2},"end":{"line":303,"column":null}},"117":{"start":{"line":275,"column":25},"end":{"line":301,"column":null}},"118":{"start":{"line":276,"column":6},"end":{"line":300,"column":null}},"119":{"start":{"line":277,"column":8},"end":{"line":299,"column":null}},"120":{"start":{"line":279,"column":10},"end":{"line":281,"column":null}},"121":{"start":{"line":280,"column":12},"end":{"line":280,"column":null}},"122":{"start":{"line":283,"column":22},"end":{"line":283,"column":null}},"123":{"start":{"line":284,"column":10},"end":{"line":284,"column":null}},"124":{"start":{"line":286,"column":10},"end":{"line":286,"column":null}},"125":{"start":{"line":289,"column":10},"end":{"line":293,"column":null}},"126":{"start":{"line":290,"column":12},"end":{"line":290,"column":null}},"127":{"start":{"line":291,"column":12},"end":{"line":291,"column":null}},"128":{"start":{"line":291,"column":29},"end":{"line":291,"column":56}},"129":{"start":{"line":292,"column":12},"end":{"line":292,"column":null}},"130":{"start":{"line":296,"column":10},"end":{"line":298,"column":null}},"131":{"start":{"line":297,"column":12},"end":{"line":297,"column":null}},"132":{"start":{"line":302,"column":4},"end":{"line":302,"column":null}},"133":{"start":{"line":305,"column":2},"end":{"line":350,"column":null}}},"fnMap":{"0":{"name":"(anonymous_0)","decl":{"start":{"line":50,"column":25},"end":{"line":50,"column":31}},"loc":{"start":{"line":50,"column":31},"end":{"line":57,"column":null}},"line":50},"1":{"name":"(anonymous_1)","decl":{"start":{"line":52,"column":12},"end":{"line":52,"column":18}},"loc":{"start":{"line":52,"column":18},"end":{"line":55,"column":5}},"line":52},"2":{"name":"(anonymous_2)","decl":{"start":{"line":60,"column":17},"end":{"line":60,"column":18}},"loc":{"start":{"line":60,"column":42},"end":{"line":95,"column":null}},"line":60},"3":{"name":"(anonymous_3)","decl":{"start":{"line":62,"column":28},"end":{"line":62,"column":37}},"loc":{"start":{"line":62,"column":37},"end":{"line":62,"column":47}},"line":62},"4":{"name":"(anonymous_4)","decl":{"start":{"line":91,"column":36},"end":{"line":91,"column":41}},"loc":{"start":{"line":91,"column":41},"end":{"line":91,"column":71}},"line":91},"5":{"name":"(anonymous_5)","decl":{"start":{"line":98,"column":23},"end":{"line":98,"column":29}},"loc":{"start":{"line":98,"column":29},"end":{"line":98,"column":null}},"line":98},"6":{"name":"(anonymous_6)","decl":{"start":{"line":99,"column":21},"end":{"line":99,"column":27}},"loc":{"start":{"line":99,"column":27},"end":{"line":99,"column":null}},"line":99},"7":{"name":"(anonymous_7)","decl":{"start":{"line":100,"column":22},"end":{"line":100,"column":28}},"loc":{"start":{"line":100,"column":28},"end":{"line":100,"column":null}},"line":100},"8":{"name":"(anonymous_8)","decl":{"start":{"line":101,"column":22},"end":{"line":101,"column":28}},"loc":{"start":{"line":101,"column":28},"end":{"line":101,"column":null}},"line":101},"9":{"name":"(anonymous_9)","decl":{"start":{"line":102,"column":30},"end":{"line":102,"column":36}},"loc":{"start":{"line":102,"column":36},"end":{"line":102,"column":null}},"line":102},"10":{"name":"(anonymous_10)","decl":{"start":{"line":103,"column":26},"end":{"line":103,"column":32}},"loc":{"start":{"line":103,"column":32},"end":{"line":103,"column":null}},"line":103},"11":{"name":"(anonymous_11)","decl":{"start":{"line":104,"column":28},"end":{"line":104,"column":34}},"loc":{"start":{"line":104,"column":34},"end":{"line":104,"column":null}},"line":104},"12":{"name":"(anonymous_12)","decl":{"start":{"line":105,"column":25},"end":{"line":105,"column":31}},"loc":{"start":{"line":105,"column":31},"end":{"line":105,"column":null}},"line":105},"13":{"name":"(anonymous_13)","decl":{"start":{"line":106,"column":19},"end":{"line":106,"column":25}},"loc":{"start":{"line":106,"column":25},"end":{"line":106,"column":null}},"line":106},"14":{"name":"(anonymous_14)","decl":{"start":{"line":107,"column":22},"end":{"line":107,"column":28}},"loc":{"start":{"line":107,"column":28},"end":{"line":107,"column":null}},"line":107},"15":{"name":"(anonymous_15)","decl":{"start":{"line":108,"column":28},"end":{"line":108,"column":34}},"loc":{"start":{"line":108,"column":34},"end":{"line":108,"column":null}},"line":108},"16":{"name":"(anonymous_16)","decl":{"start":{"line":109,"column":26},"end":{"line":109,"column":32}},"loc":{"start":{"line":109,"column":32},"end":{"line":109,"column":null}},"line":109},"17":{"name":"(anonymous_17)","decl":{"start":{"line":110,"column":35},"end":{"line":110,"column":41}},"loc":{"start":{"line":110,"column":41},"end":{"line":110,"column":null}},"line":110},"18":{"name":"(anonymous_18)","decl":{"start":{"line":111,"column":25},"end":{"line":111,"column":31}},"loc":{"start":{"line":111,"column":31},"end":{"line":111,"column":null}},"line":111},"19":{"name":"(anonymous_19)","decl":{"start":{"line":112,"column":27},"end":{"line":112,"column":33}},"loc":{"start":{"line":112,"column":33},"end":{"line":112,"column":null}},"line":112},"20":{"name":"(anonymous_20)","decl":{"start":{"line":113,"column":27},"end":{"line":113,"column":33}},"loc":{"start":{"line":113,"column":33},"end":{"line":113,"column":null}},"line":113},"21":{"name":"(anonymous_21)","decl":{"start":{"line":114,"column":33},"end":{"line":114,"column":39}},"loc":{"start":{"line":114,"column":39},"end":{"line":114,"column":null}},"line":114},"22":{"name":"(anonymous_22)","decl":{"start":{"line":115,"column":31},"end":{"line":115,"column":37}},"loc":{"start":{"line":115,"column":37},"end":{"line":115,"column":null}},"line":115},"23":{"name":"(anonymous_23)","decl":{"start":{"line":116,"column":30},"end":{"line":116,"column":36}},"loc":{"start":{"line":116,"column":36},"end":{"line":116,"column":null}},"line":116},"24":{"name":"(anonymous_24)","decl":{"start":{"line":117,"column":24},"end":{"line":117,"column":30}},"loc":{"start":{"line":117,"column":30},"end":{"line":117,"column":null}},"line":117},"25":{"name":"(anonymous_25)","decl":{"start":{"line":118,"column":25},"end":{"line":118,"column":31}},"loc":{"start":{"line":118,"column":31},"end":{"line":118,"column":null}},"line":118},"26":{"name":"(anonymous_26)","decl":{"start":{"line":119,"column":22},"end":{"line":119,"column":28}},"loc":{"start":{"line":119,"column":28},"end":{"line":119,"column":null}},"line":119},"27":{"name":"(anonymous_27)","decl":{"start":{"line":120,"column":30},"end":{"line":120,"column":36}},"loc":{"start":{"line":120,"column":36},"end":{"line":120,"column":null}},"line":120},"28":{"name":"(anonymous_28)","decl":{"start":{"line":122,"column":27},"end":{"line":122,"column":33}},"loc":{"start":{"line":122,"column":33},"end":{"line":122,"column":null}},"line":122},"29":{"name":"(anonymous_29)","decl":{"start":{"line":123,"column":27},"end":{"line":123,"column":33}},"loc":{"start":{"line":123,"column":33},"end":{"line":123,"column":null}},"line":123},"30":{"name":"(anonymous_30)","decl":{"start":{"line":124,"column":25},"end":{"line":124,"column":31}},"loc":{"start":{"line":124,"column":31},"end":{"line":124,"column":null}},"line":124},"31":{"name":"(anonymous_31)","decl":{"start":{"line":125,"column":25},"end":{"line":125,"column":31}},"loc":{"start":{"line":125,"column":31},"end":{"line":125,"column":null}},"line":125},"32":{"name":"(anonymous_32)","decl":{"start":{"line":126,"column":23},"end":{"line":126,"column":29}},"loc":{"start":{"line":126,"column":29},"end":{"line":126,"column":null}},"line":126},"33":{"name":"(anonymous_33)","decl":{"start":{"line":127,"column":23},"end":{"line":127,"column":29}},"loc":{"start":{"line":127,"column":29},"end":{"line":127,"column":null}},"line":127},"34":{"name":"(anonymous_34)","decl":{"start":{"line":128,"column":27},"end":{"line":128,"column":33}},"loc":{"start":{"line":128,"column":33},"end":{"line":128,"column":null}},"line":128},"35":{"name":"(anonymous_35)","decl":{"start":{"line":129,"column":21},"end":{"line":129,"column":27}},"loc":{"start":{"line":129,"column":27},"end":{"line":129,"column":null}},"line":129},"36":{"name":"(anonymous_36)","decl":{"start":{"line":130,"column":24},"end":{"line":130,"column":30}},"loc":{"start":{"line":130,"column":30},"end":{"line":130,"column":null}},"line":130},"37":{"name":"(anonymous_37)","decl":{"start":{"line":131,"column":28},"end":{"line":131,"column":34}},"loc":{"start":{"line":131,"column":34},"end":{"line":131,"column":null}},"line":131},"38":{"name":"(anonymous_38)","decl":{"start":{"line":132,"column":28},"end":{"line":132,"column":34}},"loc":{"start":{"line":132,"column":34},"end":{"line":132,"column":null}},"line":132},"39":{"name":"(anonymous_39)","decl":{"start":{"line":133,"column":34},"end":{"line":133,"column":40}},"loc":{"start":{"line":133,"column":40},"end":{"line":133,"column":null}},"line":133},"40":{"name":"(anonymous_40)","decl":{"start":{"line":134,"column":25},"end":{"line":134,"column":31}},"loc":{"start":{"line":134,"column":31},"end":{"line":134,"column":null}},"line":134},"41":{"name":"(anonymous_41)","decl":{"start":{"line":145,"column":23},"end":{"line":145,"column":24}},"loc":{"start":{"line":145,"column":41},"end":{"line":149,"column":null}},"line":145},"42":{"name":"(anonymous_42)","decl":{"start":{"line":146,"column":29},"end":{"line":146,"column":30}},"loc":{"start":{"line":146,"column":40},"end":{"line":146,"column":51}},"line":146},"43":{"name":"(anonymous_43)","decl":{"start":{"line":151,"column":22},"end":{"line":151,"column":null}},"loc":{"start":{"line":152,"column":2},"end":{"line":167,"column":null}},"line":152},"44":{"name":"(anonymous_44)","decl":{"start":{"line":170,"column":28},"end":{"line":170,"column":34}},"loc":{"start":{"line":170,"column":34},"end":{"line":269,"column":null}},"line":170},"45":{"name":"App","decl":{"start":{"line":271,"column":9},"end":{"line":271,"column":15}},"loc":{"start":{"line":271,"column":15},"end":{"line":352,"column":null}},"line":271},"46":{"name":"(anonymous_46)","decl":{"start":{"line":274,"column":18},"end":{"line":274,"column":24}},"loc":{"start":{"line":274,"column":24},"end":{"line":303,"column":5}},"line":274},"47":{"name":"(anonymous_47)","decl":{"start":{"line":275,"column":25},"end":{"line":275,"column":32}},"loc":{"start":{"line":275,"column":48},"end":{"line":301,"column":null}},"line":275},"48":{"name":"(anonymous_48)","decl":{"start":{"line":280,"column":34},"end":{"line":280,"column":40}},"loc":{"start":{"line":280,"column":40},"end":{"line":280,"column":43}},"line":280},"49":{"name":"(anonymous_49)","decl":{"start":{"line":291,"column":23},"end":{"line":291,"column":29}},"loc":{"start":{"line":291,"column":29},"end":{"line":291,"column":56}},"line":291}},"branchMap":{"0":{"loc":{"start":{"line":53,"column":18},"end":{"line":53,"column":null}},"type":"binary-expr","locations":[{"start":{"line":53,"column":18},"end":{"line":53,"column":52}},{"start":{"line":53,"column":52},"end":{"line":53,"column":null}}],"line":53},"1":{"loc":{"start":{"line":67,"column":2},"end":{"line":67,"column":null}},"type":"if","locations":[{"start":{"line":67,"column":2},"end":{"line":67,"column":null}},{"start":{},"end":{}}],"line":67},"2":{"loc":{"start":{"line":67,"column":6},"end":{"line":67,"column":26}},"type":"binary-expr","locations":[{"start":{"line":67,"column":6},"end":{"line":67,"column":19}},{"start":{"line":67,"column":19},"end":{"line":67,"column":26}}],"line":67},"3":{"loc":{"start":{"line":70,"column":2},"end":{"line":70,"column":null}},"type":"if","locations":[{"start":{"line":70,"column":2},"end":{"line":70,"column":null}},{"start":{},"end":{}}],"line":70},"4":{"loc":{"start":{"line":70,"column":6},"end":{"line":70,"column":49}},"type":"binary-expr","locations":[{"start":{"line":70,"column":6},"end":{"line":70,"column":25}},{"start":{"line":70,"column":25},"end":{"line":70,"column":49}}],"line":70},"5":{"loc":{"start":{"line":73,"column":2},"end":{"line":78,"column":null}},"type":"if","locations":[{"start":{"line":73,"column":2},"end":{"line":78,"column":null}},{"start":{},"end":{}}],"line":73},"6":{"loc":{"start":{"line":74,"column":4},"end":{"line":76,"column":null}},"type":"if","locations":[{"start":{"line":74,"column":4},"end":{"line":76,"column":null}},{"start":{},"end":{}}],"line":74},"7":{"loc":{"start":{"line":81,"column":14},"end":{"line":81,"column":46}},"type":"binary-expr","locations":[{"start":{"line":81,"column":14},"end":{"line":81,"column":42}},{"start":{"line":81,"column":42},"end":{"line":81,"column":46}}],"line":81},"8":{"loc":{"start":{"line":83,"column":2},"end":{"line":85,"column":null}},"type":"if","locations":[{"start":{"line":83,"column":2},"end":{"line":85,"column":null}},{"start":{},"end":{}}],"line":83},"9":{"loc":{"start":{"line":83,"column":6},"end":{"line":83,"column":48}},"type":"binary-expr","locations":[{"start":{"line":83,"column":6},"end":{"line":83,"column":15}},{"start":{"line":83,"column":15},"end":{"line":83,"column":48}}],"line":83},"10":{"loc":{"start":{"line":89,"column":2},"end":{"line":89,"column":null}},"type":"if","locations":[{"start":{"line":89,"column":2},"end":{"line":89,"column":null}},{"start":{},"end":{}}],"line":89},"11":{"loc":{"start":{"line":92,"column":2},"end":{"line":92,"column":null}},"type":"if","locations":[{"start":{"line":92,"column":2},"end":{"line":92,"column":null}},{"start":{},"end":{}}],"line":92},"12":{"loc":{"start":{"line":147,"column":2},"end":{"line":147,"column":null}},"type":"if","locations":[{"start":{"line":147,"column":2},"end":{"line":147,"column":null}},{"start":{},"end":{}}],"line":147},"13":{"loc":{"start":{"line":275,"column":32},"end":{"line":275,"column":48}},"type":"default-arg","locations":[{"start":{"line":275,"column":42},"end":{"line":275,"column":48}}],"line":275},"14":{"loc":{"start":{"line":276,"column":6},"end":{"line":300,"column":null}},"type":"if","locations":[{"start":{"line":276,"column":6},"end":{"line":300,"column":null}},{"start":{},"end":{}}],"line":276},"15":{"loc":{"start":{"line":276,"column":10},"end":{"line":276,"column":26}},"type":"binary-expr","locations":[{"start":{"line":276,"column":10},"end":{"line":276,"column":19}},{"start":{"line":276,"column":19},"end":{"line":276,"column":26}}],"line":276},"16":{"loc":{"start":{"line":279,"column":10},"end":{"line":281,"column":null}},"type":"if","locations":[{"start":{"line":279,"column":10},"end":{"line":281,"column":null}},{"start":{},"end":{}}],"line":279},"17":{"loc":{"start":{"line":289,"column":10},"end":{"line":293,"column":null}},"type":"if","locations":[{"start":{"line":289,"column":10},"end":{"line":293,"column":null}},{"start":{},"end":{}}],"line":289},"18":{"loc":{"start":{"line":289,"column":14},"end":{"line":289,"column":77}},"type":"binary-expr","locations":[{"start":{"line":289,"column":14},"end":{"line":289,"column":30}},{"start":{"line":289,"column":30},"end":{"line":289,"column":61}},{"start":{"line":289,"column":61},"end":{"line":289,"column":77}}],"line":289},"19":{"loc":{"start":{"line":296,"column":10},"end":{"line":298,"column":null}},"type":"if","locations":[{"start":{"line":296,"column":10},"end":{"line":298,"column":null}},{"start":{},"end":{}}],"line":296},"20":{"loc":{"start":{"line":333,"column":47},"end":{"line":333,"column":111}},"type":"cond-expr","locations":[{"start":{"line":333,"column":55},"end":{"line":333,"column":94}},{"start":{"line":333,"column":94},"end":{"line":333,"column":111}}],"line":333}},"s":{"0":1,"1":1,"2":1,"3":1,"4":1,"5":1,"6":1,"7":1,"8":0,"9":0,"10":0,"11":0,"12":0,"13":0,"14":0,"15":0,"16":0,"17":0,"18":0,"19":0,"20":0,"21":0,"22":0,"23":0,"24":0,"25":0,"26":0,"27":0,"28":0,"29":0,"30":0,"31":1,"32":0,"33":1,"34":0,"35":1,"36":0,"37":1,"38":0,"39":1,"40":0,"41":1,"42":0,"43":1,"44":0,"45":1,"46":0,"47":1,"48":0,"49":1,"50":0,"51":1,"52":0,"53":1,"54":0,"55":1,"56":0,"57":1,"58":0,"59":1,"60":0,"61":1,"62":0,"63":1,"64":0,"65":1,"66":0,"67":1,"68":0,"69":1,"70":0,"71":1,"72":1,"73":1,"74":0,"75":1,"76":0,"77":1,"78":0,"79":1,"80":0,"81":1,"82":0,"83":1,"84":0,"85":1,"86":0,"87":1,"88":0,"89":1,"90":0,"91":1,"92":0,"93":1,"94":0,"95":1,"96":0,"97":1,"98":0,"99":1,"100":0,"101":1,"102":0,"103":1,"104":1,"105":0,"106":0,"107":0,"108":0,"109":0,"110":1,"111":1,"112":1,"113":0,"114":0,"115":1,"116":1,"117":1,"118":1,"119":0,"120":0,"121":0,"122":0,"123":0,"124":0,"125":0,"126":0,"127":0,"128":0,"129":0,"130":0,"131":0,"132":1,"133":1},"f":{"0":1,"1":1,"2":0,"3":0,"4":0,"5":0,"6":0,"7":0,"8":0,"9":0,"10":0,"11":0,"12":0,"13":0,"14":0,"15":0,"16":0,"17":0,"18":0,"19":0,"20":0,"21":0,"22":0,"23":0,"24":0,"25":1,"26":0,"27":0,"28":0,"29":0,"30":0,"31":0,"32":0,"33":0,"34":0,"35":0,"36":0,"37":0,"38":0,"39":0,"40":0,"41":0,"42":0,"43":1,"44":0,"45":1,"46":1,"47":1,"48":0,"49":0},"b":{"0":[1,0],"1":[0,0],"2":[0,0],"3":[0,0],"4":[0,0],"5":[0,0],"6":[0,0],"7":[0,0],"8":[0,0],"9":[0,0],"10":[0,0],"11":[0,0],"12":[0,0],"13":[1],"14":[0,1],"15":[1,0],"16":[0,0],"17":[0,0],"18":[0,0,0],"19":[0,0],"20":[0,1]},"meta":{"lastBranch":21,"lastFunction":50,"lastStatement":134,"seen":{"s:17:20:48:Infinity":0,"s:50:25:57:Infinity":1,"f:50:25:50:31":0,"s:51:8:51:Infinity":2,"s:52:2:55:Infinity":3,"f:52:12:52:18":1,"s:53:18:53:Infinity":4,"b:53:18:53:52:53:52:53:Infinity":0,"s:54:4:54:Infinity":5,"s:56:2:56:Infinity":6,"s:60:17:95:Infinity":7,"f:60:17:60:18":2,"s:61:48:61:Infinity":8,"s:62:8:62:Infinity":9,"f:62:28:62:37":3,"s:62:37:62:47":10,"s:63:8:63:Infinity":11,"s:64:8:64:Infinity":12,"b:67:2:67:Infinity:undefined:undefined:undefined:undefined":1,"s:67:2:67:Infinity":13,"b:67:6:67:19:67:19:67:26":2,"s:67:26:67:Infinity":14,"b:70:2:70:Infinity:undefined:undefined:undefined:undefined":3,"s:70:2:70:Infinity":15,"b:70:6:70:25:70:25:70:49":4,"s:70:49:70:Infinity":16,"b:73:2:78:Infinity:undefined:undefined:undefined:undefined":5,"s:73:2:78:Infinity":17,"b:74:4:76:Infinity:undefined:undefined:undefined:undefined":6,"s:74:4:76:Infinity":18,"s:75:6:75:Infinity":19,"s:77:4:77:Infinity":20,"s:81:6:81:Infinity":21,"b:81:14:81:42:81:42:81:46":7,"b:83:2:85:Infinity:undefined:undefined:undefined:undefined":8,"s:83:2:85:Infinity":22,"b:83:6:83:15:83:15:83:48":9,"s:84:4:84:Infinity":23,"b:89:2:89:Infinity:undefined:undefined:undefined:undefined":10,"s:89:2:89:Infinity":24,"s:89:13:89:Infinity":25,"s:91:26:91:Infinity":26,"f:91:36:91:41":4,"s:91:41:91:71":27,"b:92:2:92:Infinity:undefined:undefined:undefined:undefined":11,"s:92:2:92:Infinity":28,"s:92:38:92:Infinity":29,"s:94:2:94:Infinity":30,"s:98:6:98:Infinity":31,"f:98:23:98:29":5,"s:98:29:98:Infinity":32,"s:99:6:99:Infinity":33,"f:99:21:99:27":6,"s:99:27:99:Infinity":34,"s:100:6:100:Infinity":35,"f:100:22:100:28":7,"s:100:28:100:Infinity":36,"s:101:6:101:Infinity":37,"f:101:22:101:28":8,"s:101:28:101:Infinity":38,"s:102:6:102:Infinity":39,"f:102:30:102:36":9,"s:102:36:102:Infinity":40,"s:103:6:103:Infinity":41,"f:103:26:103:32":10,"s:103:32:103:Infinity":42,"s:104:6:104:Infinity":43,"f:104:28:104:34":11,"s:104:34:104:Infinity":44,"s:105:6:105:Infinity":45,"f:105:25:105:31":12,"s:105:31:105:Infinity":46,"s:106:6:106:Infinity":47,"f:106:19:106:25":13,"s:106:25:106:Infinity":48,"s:107:6:107:Infinity":49,"f:107:22:107:28":14,"s:107:28:107:Infinity":50,"s:108:6:108:Infinity":51,"f:108:28:108:34":15,"s:108:34:108:Infinity":52,"s:109:6:109:Infinity":53,"f:109:26:109:32":16,"s:109:32:109:Infinity":54,"s:110:6:110:Infinity":55,"f:110:35:110:41":17,"s:110:41:110:Infinity":56,"s:111:6:111:Infinity":57,"f:111:25:111:31":18,"s:111:31:111:Infinity":58,"s:112:6:112:Infinity":59,"f:112:27:112:33":19,"s:112:33:112:Infinity":60,"s:113:6:113:Infinity":61,"f:113:27:113:33":20,"s:113:33:113:Infinity":62,"s:114:6:114:Infinity":63,"f:114:33:114:39":21,"s:114:39:114:Infinity":64,"s:115:6:115:Infinity":65,"f:115:31:115:37":22,"s:115:37:115:Infinity":66,"s:116:6:116:Infinity":67,"f:116:30:116:36":23,"s:116:36:116:Infinity":68,"s:117:6:117:Infinity":69,"f:117:24:117:30":24,"s:117:30:117:Infinity":70,"s:118:6:118:Infinity":71,"f:118:25:118:31":25,"s:118:31:118:Infinity":72,"s:119:6:119:Infinity":73,"f:119:22:119:28":26,"s:119:28:119:Infinity":74,"s:120:6:120:Infinity":75,"f:120:30:120:36":27,"s:120:36:120:Infinity":76,"s:122:6:122:Infinity":77,"f:122:27:122:33":28,"s:122:33:122:Infinity":78,"s:123:6:123:Infinity":79,"f:123:27:123:33":29,"s:123:33:123:Infinity":80,"s:124:6:124:Infinity":81,"f:124:25:124:31":30,"s:124:31:124:Infinity":82,"s:125:6:125:Infinity":83,"f:125:25:125:31":31,"s:125:31:125:Infinity":84,"s:126:6:126:Infinity":85,"f:126:23:126:29":32,"s:126:29:126:Infinity":86,"s:127:6:127:Infinity":87,"f:127:23:127:29":33,"s:127:29:127:Infinity":88,"s:128:6:128:Infinity":89,"f:128:27:128:33":34,"s:128:33:128:Infinity":90,"s:129:6:129:Infinity":91,"f:129:21:129:27":35,"s:129:27:129:Infinity":92,"s:130:6:130:Infinity":93,"f:130:24:130:30":36,"s:130:30:130:Infinity":94,"s:131:6:131:Infinity":95,"f:131:28:131:34":37,"s:131:34:131:Infinity":96,"s:132:6:132:Infinity":97,"f:132:28:132:34":38,"s:132:34:132:Infinity":98,"s:133:6:133:Infinity":99,"f:133:34:133:40":39,"s:133:40:133:Infinity":100,"s:134:6:134:Infinity":101,"f:134:25:134:31":40,"s:134:31:134:Infinity":102,"s:136:20:143:Infinity":103,"s:145:23:149:Infinity":104,"f:145:23:145:24":41,"s:146:8:146:Infinity":105,"f:146:29:146:30":42,"s:146:40:146:51":106,"b:147:2:147:Infinity:undefined:undefined:undefined:undefined":12,"s:147:2:147:Infinity":107,"s:147:14:147:Infinity":108,"s:148:2:148:Infinity":109,"s:151:22:167:Infinity":110,"f:151:22:151:Infinity":43,"s:152:2:167:Infinity":111,"s:170:28:269:Infinity":112,"f:170:28:170:34":44,"s:171:2:171:Infinity":113,"s:173:2:267:Infinity":114,"f:271:9:271:15":45,"s:272:31:272:Infinity":115,"s:274:2:303:Infinity":116,"f:274:18:274:24":46,"s:275:25:301:Infinity":117,"f:275:25:275:32":47,"b:275:42:275:48":13,"b:276:6:300:Infinity:undefined:undefined:undefined:undefined":14,"s:276:6:300:Infinity":118,"b:276:10:276:19:276:19:276:26":15,"s:277:8:299:Infinity":119,"b:279:10:281:Infinity:undefined:undefined:undefined:undefined":16,"s:279:10:281:Infinity":120,"s:280:12:280:Infinity":121,"f:280:34:280:40":48,"s:283:22:283:Infinity":122,"s:284:10:284:Infinity":123,"s:286:10:286:Infinity":124,"b:289:10:293:Infinity:undefined:undefined:undefined:undefined":17,"s:289:10:293:Infinity":125,"b:289:14:289:30:289:30:289:61:289:61:289:77":18,"s:290:12:290:Infinity":126,"s:291:12:291:Infinity":127,"f:291:23:291:29":49,"s:291:29:291:56":128,"s:292:12:292:Infinity":129,"b:296:10:298:Infinity:undefined:undefined:undefined:undefined":19,"s:296:10:298:Infinity":130,"s:297:12:297:Infinity":131,"s:302:4:302:Infinity":132,"s:305:2:350:Infinity":133,"b:333:55:333:94:333:94:333:111":20}}}
,"C:\\Users\\mirza\\.gemini\\antigravity\\scratch\\InvoiceAZ\\frontend\\src\\config.js": {"path":"C:\\Users\\mirza\\.gemini\\antigravity\\scratch\\InvoiceAZ\\frontend\\src\\config.js","statementMap":{"0":{"start":{"line":1,"column":23},"end":{"line":1,"column":null}}},"fnMap":{},"branchMap":{"0":{"loc":{"start":{"line":1,"column":23},"end":{"line":1,"column":null}},"type":"binary-expr","locations":[{"start":{"line":1,"column":23},"end":{"line":1,"column":null}},{"start":{"line":1,"column":97},"end":{"line":1,"column":null}}],"line":1}},"s":{"0":2},"f":{},"b":{"0":[2,2]},"meta":{"lastBranch":1,"lastFunction":0,"lastStatement":1,"seen":{"s:1:23:1:Infinity":0,"b:1:23:1:Infinity:1:97:1:Infinity":0}}}
,"C:\\Users\\mirza\\.gemini\\antigravity\\scratch\\InvoiceAZ\\frontend\\src\\api\\client.js": {"path":"C:\\Users\\mirza\\.gemini\\antigravity\\scratch\\InvoiceAZ\\frontend\\src\\api\\client.js","statementMap":{"0":{"start":{"line":4,"column":15},"end":{"line":7,"column":2}},"1":{"start":{"line":9,"column":0},"end":{"line":25,"column":3}},"2":{"start":{"line":10,"column":18},"end":{"line":10,"column":55}},"3":{"start":{"line":11,"column":27},"end":{"line":11,"column":66}},"4":{"start":{"line":13,"column":4},"end":{"line":15,"column":5}},"5":{"start":{"line":14,"column":8},"end":{"line":14,"column":57}},"6":{"start":{"line":17,"column":4},"end":{"line":22,"column":5}},"7":{"start":{"line":18,"column":25},"end":{"line":18,"column":51}},"8":{"start":{"line":19,"column":8},"end":{"line":21,"column":9}},"9":{"start":{"line":20,"column":12},"end":{"line":20,"column":58}},"10":{"start":{"line":24,"column":4},"end":{"line":24,"column":18}}},"fnMap":{"0":{"name":"(anonymous_0)","decl":{"start":{"line":9,"column":32},"end":{"line":9,"column":33}},"loc":{"start":{"line":9,"column":44},"end":{"line":25,"column":1}},"line":9}},"branchMap":{"0":{"loc":{"start":{"line":13,"column":4},"end":{"line":15,"column":5}},"type":"if","locations":[{"start":{"line":13,"column":4},"end":{"line":15,"column":5}},{"start":{},"end":{}}],"line":13},"1":{"loc":{"start":{"line":17,"column":4},"end":{"line":22,"column":5}},"type":"if","locations":[{"start":{"line":17,"column":4},"end":{"line":22,"column":5}},{"start":{},"end":{}}],"line":17},"2":{"loc":{"start":{"line":19,"column":8},"end":{"line":21,"column":9}},"type":"if","locations":[{"start":{"line":19,"column":8},"end":{"line":21,"column":9}},{"start":{},"end":{}}],"line":19},"3":{"loc":{"start":{"line":19,"column":12},"end":{"line":19,"column":35}},"type":"binary-expr","locations":[{"start":{"line":19,"column":12},"end":{"line":19,"column":20}},{"start":{"line":19,"column":24},"end":{"line":19,"column":35}}],"line":19}},"s":{"0":1,"1":1,"2":0,"3":0,"4":0,"5":0,"6":0,"7":0,"8":0,"9":0,"10":0},"f":{"0":0},"b":{"0":[0,0],"1":[0,0],"2":[0,0],"3":[0,0]},"meta":{"lastBranch":4,"lastFunction":1,"lastStatement":11,"seen":{"s:4:15:7:2":0,"s:9:0:25:3":1,"f:9:32:9:33":0,"s:10:18:10:55":2,"s:11:27:11:66":3,"b:13:4:15:5:undefined:undefined:undefined:undefined":0,"s:13:4:15:5":4,"s:14:8:14:57":5,"b:17:4:22:5:undefined:undefined:undefined:undefined":1,"s:17:4:22:5":6,"s:18:25:18:51":7,"b:19:8:21:9:undefined:undefined:undefined:undefined":2,"s:19:8:21:9":8,"b:19:12:19:20:19:24:19:35":3,"s:20:12:20:58":9,"s:24:4:24:18":10}}}
,"C:\\Users\\mirza\\.gemini\\antigravity\\scratch\\InvoiceAZ\\frontend\\src\\api\\translateErrors.js": {"path":"C:\\Users\\mirza\\.gemini\\antigravity\\scratch\\InvoiceAZ\\frontend\\src\\api\\translateErrors.js","statementMap":{"0":{"start":{"line":1,"column":30},"end":{"line":49,"column":1}},"1":{"start":{"line":2,"column":4},"end":{"line":2,"column":32}},"2":{"start":{"line":2,"column":16},"end":{"line":2,"column":32}},"3":{"start":{"line":4,"column":14},"end":{"line":4,"column":16}},"4":{"start":{"line":5,"column":4},"end":{"line":15,"column":5}},"5":{"start":{"line":6,"column":8},"end":{"line":6,"column":20}},"6":{"start":{"line":7,"column":11},"end":{"line":15,"column":5}},"7":{"start":{"line":8,"column":8},"end":{"line":8,"column":41}},"8":{"start":{"line":9,"column":11},"end":{"line":15,"column":5}},"9":{"start":{"line":10,"column":8},"end":{"line":10,"column":27}},"10":{"start":{"line":11,"column":11},"end":{"line":15,"column":5}},"11":{"start":{"line":12,"column":8},"end":{"line":12,"column":28}},"12":{"start":{"line":14,"column":8},"end":{"line":14,"column":23}},"13":{"start":{"line":17,"column":25},"end":{"line":35,"column":5}},"14":{"start":{"line":38,"column":4},"end":{"line":46,"column":5}},"15":{"start":{"line":39,"column":21},"end":{"line":39,"column":40}},"16":{"start":{"line":40,"column":8},"end":{"line":45,"column":9}},"17":{"start":{"line":41,"column":31},"end":{"line":41,"column":60}},"18":{"start":{"line":42,"column":12},"end":{"line":44,"column":13}},"19":{"start":{"line":43,"column":16},"end":{"line":43,"column":62}},"20":{"start":{"line":48,"column":4},"end":{"line":48,"column":48}}},"fnMap":{"0":{"name":"(anonymous_0)","decl":{"start":{"line":1,"column":30},"end":{"line":1,"column":31}},"loc":{"start":{"line":1,"column":70},"end":{"line":49,"column":1}},"line":1}},"branchMap":{"0":{"loc":{"start":{"line":1,"column":38},"end":{"line":1,"column":65}},"type":"default-arg","locations":[{"start":{"line":1,"column":49},"end":{"line":1,"column":65}}],"line":1},"1":{"loc":{"start":{"line":2,"column":4},"end":{"line":2,"column":32}},"type":"if","locations":[{"start":{"line":2,"column":4},"end":{"line":2,"column":32}},{"start":{},"end":{}}],"line":2},"2":{"loc":{"start":{"line":5,"column":4},"end":{"line":15,"column":5}},"type":"if","locations":[{"start":{"line":5,"column":4},"end":{"line":15,"column":5}},{"start":{"line":7,"column":11},"end":{"line":15,"column":5}}],"line":5},"3":{"loc":{"start":{"line":7,"column":11},"end":{"line":15,"column":5}},"type":"if","locations":[{"start":{"line":7,"column":11},"end":{"line":15,"column":5}},{"start":{"line":9,"column":11},"end":{"line":15,"column":5}}],"line":7},"4":{"loc":{"start":{"line":9,"column":11},"end":{"line":15,"column":5}},"type":"if","locations":[{"start":{"line":9,"column":11},"end":{"line":15,"column":5}},{"start":{"line":11,"column":11},"end":{"line":15,"column":5}}],"line":9},"5":{"loc":{"start":{"line":11,"column":11},"end":{"line":15,"column":5}},"type":"if","locations":[{"start":{"line":11,"column":11},"end":{"line":15,"column":5}},{"start":{"line":13,"column":11},"end":{"line":15,"column":5}}],"line":11},"6":{"loc":{"start":{"line":38,"column":4},"end":{"line":46,"column":5}},"type":"if","locations":[{"start":{"line":38,"column":4},"end":{"line":46,"column":5}},{"start":{},"end":{}}],"line":38},"7":{"loc":{"start":{"line":38,"column":8},"end":{"line":38,"column":58}},"type":"binary-expr","locations":[{"start":{"line":38,"column":8},"end":{"line":38,"column":33}},{"start":{"line":38,"column":37},"end":{"line":38,"column":58}}],"line":38},"8":{"loc":{"start":{"line":40,"column":8},"end":{"line":45,"column":9}},"type":"if","locations":[{"start":{"line":40,"column":8},"end":{"line":45,"column":9}},{"start":{},"end":{}}],"line":40},"9":{"loc":{"start":{"line":42,"column":12},"end":{"line":44,"column":13}},"type":"if","locations":[{"start":{"line":42,"column":12},"end":{"line":44,"column":13}},{"start":{},"end":{}}],"line":42},"10":{"loc":{"start":{"line":43,"column":23},"end":{"line":43,"column":61}},"type":"binary-expr","locations":[{"start":{"line":43,"column":23},"end":{"line":43,"column":47}},{"start":{"line":43,"column":51},"end":{"line":43,"column":61}}],"line":43},"11":{"loc":{"start":{"line":48,"column":11},"end":{"line":48,"column":47}},"type":"binary-expr","locations":[{"start":{"line":48,"column":11},"end":{"line":48,"column":28}},{"start":{"line":48,"column":32},"end":{"line":48,"column":35}},{"start":{"line":48,"column":39},"end":{"line":48,"column":47}}],"line":48}},"s":{"0":1,"1":1,"2":0,"3":1,"4":1,"5":0,"6":1,"7":1,"8":0,"9":0,"10":0,"11":0,"12":0,"13":1,"14":1,"15":1,"16":1,"17":1,"18":1,"19":1,"20":0},"f":{"0":1},"b":{"0":[1],"1":[0,1],"2":[0,1],"3":[1,0],"4":[0,0],"5":[0,0],"6":[1,0],"7":[1,1],"8":[1,0],"9":[1,0],"10":[1,1],"11":[0,0,0]},"meta":{"lastBranch":12,"lastFunction":1,"lastStatement":21,"seen":{"s:1:30:49:1":0,"f:1:30:1:31":0,"b:1:49:1:65":0,"b:2:4:2:32:undefined:undefined:undefined:undefined":1,"s:2:4:2:32":1,"s:2:16:2:32":2,"s:4:14:4:16":3,"b:5:4:15:5:7:11:15:5":2,"s:5:4:15:5":4,"s:6:8:6:20":5,"b:7:11:15:5:9:11:15:5":3,"s:7:11:15:5":6,"s:8:8:8:41":7,"b:9:11:15:5:11:11:15:5":4,"s:9:11:15:5":8,"s:10:8:10:27":9,"b:11:11:15:5:13:11:15:5":5,"s:11:11:15:5":10,"s:12:8:12:28":11,"s:14:8:14:23":12,"s:17:25:35:5":13,"b:38:4:46:5:undefined:undefined:undefined:undefined":6,"s:38:4:46:5":14,"b:38:8:38:33:38:37:38:58":7,"s:39:21:39:40":15,"b:40:8:45:9:undefined:undefined:undefined:undefined":8,"s:40:8:45:9":16,"s:41:31:41:60":17,"b:42:12:44:13:undefined:undefined:undefined:undefined":9,"s:42:12:44:13":18,"s:43:16:43:62":19,"b:43:23:43:47:43:51:43:61":10,"s:48:4:48:48":20,"b:48:11:48:28:48:32:48:35:48:39:48:47":11}}}
,"C:\\Users\\mirza\\.gemini\\antigravity\\scratch\\InvoiceAZ\\frontend\\src\\components\\CountUp.jsx": {"path":"C:\\Users\\mirza\\.gemini\\antigravity\\scratch\\InvoiceAZ\\frontend\\src\\components\\CountUp.jsx","statementMap":{"0":{"start":{"line":4,"column":16},"end":{"line":27,"column":null}},"1":{"start":{"line":5,"column":40},"end":{"line":5,"column":null}},"2":{"start":{"line":7,"column":4},"end":{"line":15,"column":null}},"3":{"start":{"line":8,"column":28},"end":{"line":8,"column":null}},"4":{"start":{"line":9,"column":14},"end":{"line":13,"column":null}},"5":{"start":{"line":12,"column":33},"end":{"line":12,"column":null}},"6":{"start":{"line":14,"column":8},"end":{"line":14,"column":null}},"7":{"start":{"line":14,"column":21},"end":{"line":14,"column":null}},"8":{"start":{"line":17,"column":4},"end":{"line":25,"column":null}}},"fnMap":{"0":{"name":"(anonymous_0)","decl":{"start":{"line":4,"column":16},"end":{"line":4,"column":17}},"loc":{"start":{"line":4,"column":84},"end":{"line":27,"column":null}},"line":4},"1":{"name":"(anonymous_1)","decl":{"start":{"line":7,"column":14},"end":{"line":7,"column":20}},"loc":{"start":{"line":7,"column":20},"end":{"line":15,"column":7}},"line":7},"2":{"name":"(anonymous_2)","decl":{"start":{"line":12,"column":22},"end":{"line":12,"column":23}},"loc":{"start":{"line":12,"column":33},"end":{"line":12,"column":null}},"line":12},"3":{"name":"(anonymous_3)","decl":{"start":{"line":14,"column":15},"end":{"line":14,"column":21}},"loc":{"start":{"line":14,"column":21},"end":{"line":14,"column":null}},"line":14}},"branchMap":{"0":{"loc":{"start":{"line":4,"column":23},"end":{"line":4,"column":39}},"type":"default-arg","locations":[{"start":{"line":4,"column":34},"end":{"line":4,"column":39}}],"line":4},"1":{"loc":{"start":{"line":4,"column":39},"end":{"line":4,"column":53}},"type":"default-arg","locations":[{"start":{"line":4,"column":50},"end":{"line":4,"column":53}}],"line":4},"2":{"loc":{"start":{"line":4,"column":53},"end":{"line":4,"column":66}},"type":"default-arg","locations":[{"start":{"line":4,"column":62},"end":{"line":4,"column":66}}],"line":4},"3":{"loc":{"start":{"line":4,"column":66},"end":{"line":4,"column":78}},"type":"default-arg","locations":[{"start":{"line":4,"column":75},"end":{"line":4,"column":78}}],"line":4},"4":{"loc":{"start":{"line":8,"column":28},"end":{"line":8,"column":null}},"type":"binary-expr","locations":[{"start":{"line":8,"column":28},"end":{"line":8,"column":46}},{"start":{"line":8,"column":46},"end":{"line":8,"column":null}}],"line":8}},"s":{"0":1,"1":6,"2":6,"3":3,"4":3,"5":3,"6":3,"7":3,"8":6},"f":{"0":6,"1":3,"2":3,"3":3},"b":{"0":[6],"1":[6],"2":[6],"3":[6],"4":[3,0]},"meta":{"lastBranch":5,"lastFunction":4,"lastStatement":9,"seen":{"s:4:16:27:Infinity":0,"f:4:16:4:17":0,"b:4:34:4:39":0,"b:4:50:4:53":1,"b:4:62:4:66":2,"b:4:75:4:78":3,"s:5:40:5:Infinity":1,"s:7:4:15:Infinity":2,"f:7:14:7:20":1,"s:8:28:8:Infinity":3,"b:8:28:8:46:8:46:8:Infinity":4,"s:9:14:13:Infinity":4,"f:12:22:12:23":2,"s:12:33:12:Infinity":5,"s:14:8:14:Infinity":6,"f:14:15:14:21":3,"s:14:21:14:Infinity":7,"s:17:4:25:Infinity":8}}}
,"C:\\Users\\mirza\\.gemini\\antigravity\\scratch\\InvoiceAZ\\frontend\\src\\components\\ErrorBoundary.jsx": {"path":"C:\\Users\\mirza\\.gemini\\antigravity\\scratch\\InvoiceAZ\\frontend\\src\\components\\ErrorBoundary.jsx","statementMap":{"0":{"start":{"line":6,"column":8},"end":{"line":6,"column":null}},"1":{"start":{"line":7,"column":8},"end":{"line":7,"column":null}},"2":{"start":{"line":11,"column":8},"end":{"line":11,"column":null}},"3":{"start":{"line":15,"column":8},"end":{"line":15,"column":null}},"4":{"start":{"line":19,"column":8},"end":{"line":21,"column":null}},"5":{"start":{"line":20,"column":12},"end":{"line":20,"column":null}},"6":{"start":{"line":25,"column":8},"end":{"line":59,"column":null}},"7":{"start":{"line":26,"column":12},"end":{"line":57,"column":null}},"8":{"start":{"line":38,"column":47},"end":{"line":38,"column":null}},"9":{"start":{"line":44,"column":47},"end":{"line":44,"column":null}},"10":{"start":{"line":61,"column":8},"end":{"line":61,"column":null}},"11":{"start":{"line":66,"column":22},"end":{"line":68,"column":null}},"12":{"start":{"line":67,"column":4},"end":{"line":67,"column":null}},"13":{"start":{"line":71,"column":34},"end":{"line":74,"column":null}},"14":{"start":{"line":72,"column":10},"end":{"line":72,"column":null}},"15":{"start":{"line":73,"column":4},"end":{"line":73,"column":null}}},"fnMap":{"0":{"name":"(anonymous_0)","decl":{"start":{"line":5,"column":4},"end":{"line":5,"column":16}},"loc":{"start":{"line":5,"column":23},"end":{"line":8,"column":null}},"line":5},"1":{"name":"(anonymous_1)","decl":{"start":{"line":10,"column":11},"end":{"line":10,"column":36}},"loc":{"start":{"line":10,"column":43},"end":{"line":12,"column":null}},"line":10},"2":{"name":"(anonymous_2)","decl":{"start":{"line":14,"column":4},"end":{"line":14,"column":22}},"loc":{"start":{"line":14,"column":40},"end":{"line":16,"column":null}},"line":14},"3":{"name":"(anonymous_3)","decl":{"start":{"line":18,"column":4},"end":{"line":18,"column":23}},"loc":{"start":{"line":18,"column":34},"end":{"line":22,"column":null}},"line":18},"4":{"name":"(anonymous_4)","decl":{"start":{"line":24,"column":4},"end":{"line":24,"column":13}},"loc":{"start":{"line":24,"column":13},"end":{"line":62,"column":null}},"line":24},"5":{"name":"(anonymous_5)","decl":{"start":{"line":38,"column":41},"end":{"line":38,"column":47}},"loc":{"start":{"line":38,"column":47},"end":{"line":38,"column":null}},"line":38},"6":{"name":"(anonymous_6)","decl":{"start":{"line":44,"column":41},"end":{"line":44,"column":47}},"loc":{"start":{"line":44,"column":47},"end":{"line":44,"column":null}},"line":44},"7":{"name":"(anonymous_7)","decl":{"start":{"line":66,"column":22},"end":{"line":66,"column":23}},"loc":{"start":{"line":66,"column":40},"end":{"line":68,"column":null}},"line":66},"8":{"name":"(anonymous_8)","decl":{"start":{"line":71,"column":34},"end":{"line":71,"column":35}},"loc":{"start":{"line":71,"column":52},"end":{"line":74,"column":null}},"line":71}},"branchMap":{"0":{"loc":{"start":{"line":19,"column":8},"end":{"line":21,"column":null}},"type":"if","locations":[{"start":{"line":19,"column":8},"end":{"line":21,"column":null}},{"start":{},"end":{}}],"line":19},"1":{"loc":{"start":{"line":19,"column":12},"end":{"line":19,"column":79}},"type":"binary-expr","locations":[{"start":{"line":19,"column":12},"end":{"line":19,"column":58}},{"start":{"line":19,"column":58},"end":{"line":19,"column":79}}],"line":19},"2":{"loc":{"start":{"line":25,"column":8},"end":{"line":59,"column":null}},"type":"if","locations":[{"start":{"line":25,"column":8},"end":{"line":59,"column":null}},{"start":{},"end":{}}],"line":25},"3":{"loc":{"start":{"line":50,"column":25},"end":{"line":54,"column":null}},"type":"binary-expr","locations":[{"start":{"line":50,"column":25},"end":{"line":50,"column":null}},{"start":{"line":51,"column":28},"end":{"line":54,"column":null}}],"line":50}},"s":{"0":10,"1":10,"2":6,"3":3,"4":2,"5":0,"6":17,"7":7,"8":1,"9":0,"10":10,"11":2,"12":8,"13":2,"14":4,"15":4},"f":{"0":10,"1":2,"2":3,"3":2,"4":17,"5":1,"6":0,"7":8,"8":4},"b":{"0":[0,2],"1":[2,0],"2":[7,10],"3":[7,7]},"meta":{"lastBranch":4,"lastFunction":9,"lastStatement":16,"seen":{"f:5:4:5:16":0,"s:6:8:6:Infinity":0,"s:7:8:7:Infinity":1,"f:10:11:10:36":1,"s:11:8:11:Infinity":2,"f:14:4:14:22":2,"s:15:8:15:Infinity":3,"f:18:4:18:23":3,"b:19:8:21:Infinity:undefined:undefined:undefined:undefined":0,"s:19:8:21:Infinity":4,"b:19:12:19:58:19:58:19:79":1,"s:20:12:20:Infinity":5,"f:24:4:24:13":4,"b:25:8:59:Infinity:undefined:undefined:undefined:undefined":2,"s:25:8:59:Infinity":6,"s:26:12:57:Infinity":7,"f:38:41:38:47":5,"s:38:47:38:Infinity":8,"f:44:41:44:47":6,"s:44:47:44:Infinity":9,"b:50:25:50:Infinity:51:28:54:Infinity":3,"s:61:8:61:Infinity":10,"s:66:22:68:Infinity":11,"f:66:22:66:23":7,"s:67:4:67:Infinity":12,"s:71:34:74:Infinity":13,"f:71:34:71:35":8,"s:72:10:72:Infinity":14,"s:73:4:73:Infinity":15}}}
,"C:\\Users\\mirza\\.gemini\\antigravity\\scratch\\InvoiceAZ\\frontend\\src\\components\\Header.jsx": {"path":"C:\\Users\\mirza\\.gemini\\antigravity\\scratch\\InvoiceAZ\\frontend\\src\\components\\Header.jsx","statementMap":{"0":{"start":{"line":24,"column":15},"end":{"line":317,"column":null}},"1":{"start":{"line":25,"column":27},"end":{"line":25,"column":null}},"2":{"start":{"line":26,"column":42},"end":{"line":26,"column":null}},"3":{"start":{"line":27,"column":38},"end":{"line":27,"column":null}},"4":{"start":{"line":28,"column":10},"end":{"line":28,"column":null}},"5":{"start":{"line":29,"column":10},"end":{"line":29,"column":null}},"6":{"start":{"line":30,"column":10},"end":{"line":30,"column":null}},"7":{"start":{"line":30,"column":43},"end":{"line":30,"column":55}},"8":{"start":{"line":31,"column":10},"end":{"line":31,"column":null}},"9":{"start":{"line":31,"column":41},"end":{"line":31,"column":51}},"10":{"start":{"line":32,"column":10},"end":{"line":32,"column":null}},"11":{"start":{"line":33,"column":10},"end":{"line":33,"column":null}},"12":{"start":{"line":35,"column":37},"end":{"line":45,"column":null}},"13":{"start":{"line":38,"column":29},"end":{"line":40,"column":null}},"14":{"start":{"line":41,"column":12},"end":{"line":41,"column":null}},"15":{"start":{"line":49,"column":37},"end":{"line":62,"column":null}},"16":{"start":{"line":50,"column":24},"end":{"line":50,"column":null}},"17":{"start":{"line":51,"column":14},"end":{"line":51,"column":null}},"18":{"start":{"line":53,"column":8},"end":{"line":61,"column":null}},"19":{"start":{"line":55,"column":12},"end":{"line":59,"column":null}},"20":{"start":{"line":56,"column":16},"end":{"line":56,"column":null}},"21":{"start":{"line":56,"column":52},"end":{"line":56,"column":null}},"22":{"start":{"line":58,"column":16},"end":{"line":58,"column":null}},"23":{"start":{"line":58,"column":79},"end":{"line":58,"column":null}},"24":{"start":{"line":60,"column":12},"end":{"line":60,"column":null}},"25":{"start":{"line":64,"column":34},"end":{"line":64,"column":null}},"26":{"start":{"line":65,"column":31},"end":{"line":65,"column":null}},"27":{"start":{"line":65,"column":65},"end":{"line":65,"column":75}},"28":{"start":{"line":67,"column":10},"end":{"line":70,"column":null}},"29":{"start":{"line":68,"column":28},"end":{"line":68,"column":null}},"30":{"start":{"line":69,"column":25},"end":{"line":69,"column":null}},"31":{"start":{"line":72,"column":10},"end":{"line":78,"column":null}},"32":{"start":{"line":73,"column":26},"end":{"line":73,"column":null}},"33":{"start":{"line":75,"column":12},"end":{"line":75,"column":null}},"34":{"start":{"line":76,"column":12},"end":{"line":76,"column":null}},"35":{"start":{"line":80,"column":4},"end":{"line":87,"column":null}},"36":{"start":{"line":81,"column":35},"end":{"line":84,"column":null}},"37":{"start":{"line":82,"column":12},"end":{"line":82,"column":null}},"38":{"start":{"line":82,"column":82},"end":{"line":82,"column":null}},"39":{"start":{"line":83,"column":12},"end":{"line":83,"column":null}},"40":{"start":{"line":83,"column":78},"end":{"line":83,"column":null}},"41":{"start":{"line":85,"column":8},"end":{"line":85,"column":null}},"42":{"start":{"line":86,"column":8},"end":{"line":86,"column":null}},"43":{"start":{"line":86,"column":21},"end":{"line":86,"column":null}},"44":{"start":{"line":89,"column":28},"end":{"line":91,"column":null}},"45":{"start":{"line":93,"column":26},"end":{"line":95,"column":null}},"46":{"start":{"line":98,"column":33},"end":{"line":116,"column":null}},"47":{"start":{"line":99,"column":24},"end":{"line":99,"column":null}},"48":{"start":{"line":100,"column":14},"end":{"line":100,"column":null}},"49":{"start":{"line":102,"column":22},"end":{"line":111,"column":null}},"50":{"start":{"line":103,"column":74},"end":{"line":103,"column":105}},"51":{"start":{"line":104,"column":81},"end":{"line":104,"column":103}},"52":{"start":{"line":105,"column":83},"end":{"line":105,"column":112}},"53":{"start":{"line":106,"column":80},"end":{"line":106,"column":102}},"54":{"start":{"line":107,"column":93},"end":{"line":107,"column":122}},"55":{"start":{"line":108,"column":88},"end":{"line":108,"column":116}},"56":{"start":{"line":109,"column":88},"end":{"line":109,"column":106}},"57":{"start":{"line":113,"column":8},"end":{"line":113,"column":null}},"58":{"start":{"line":113,"column":52},"end":{"line":113,"column":null}},"59":{"start":{"line":115,"column":8},"end":{"line":115,"column":null}},"60":{"start":{"line":115,"column":36},"end":{"line":115,"column":52}},"61":{"start":{"line":118,"column":22},"end":{"line":118,"column":null}},"62":{"start":{"line":120,"column":4},"end":{"line":315,"column":null}},"63":{"start":{"line":140,"column":24},"end":{"line":141,"column":null}},"64":{"start":{"line":140,"column":71},"end":{"line":140,"column":null}},"65":{"start":{"line":141,"column":29},"end":{"line":141,"column":null}},"66":{"start":{"line":152,"column":39},"end":{"line":152,"column":null}},"67":{"start":{"line":180,"column":44},"end":{"line":210,"column":null}},"68":{"start":{"line":183,"column":52},"end":{"line":183,"column":null}},"69":{"start":{"line":183,"column":68},"end":{"line":183,"column":null}},"70":{"start":{"line":184,"column":52},"end":{"line":184,"column":null}},"71":{"start":{"line":184,"column":64},"end":{"line":184,"column":null}},"72":{"start":{"line":185,"column":52},"end":{"line":185,"column":null}},"73":{"start":{"line":199,"column":60},"end":{"line":205,"column":null}},"74":{"start":{"line":200,"column":74},"end":{"line":200,"column":null}},"75":{"start":{"line":201,"column":64},"end":{"line":201,"column":null}},"76":{"start":{"line":201,"column":88},"end":{"line":201,"column":null}},"77":{"start":{"line":202,"column":64},"end":{"line":202,"column":null}},"78":{"start":{"line":204,"column":64},"end":{"line":204,"column":null}},"79":{"start":{"line":221,"column":55},"end":{"line":221,"column":null}},"80":{"start":{"line":229,"column":53},"end":{"line":229,"column":81}},"81":{"start":{"line":229,"column":81},"end":{"line":229,"column":104}},"82":{"start":{"line":243,"column":39},"end":{"line":243,"column":null}},"83":{"start":{"line":292,"column":40},"end":{"line":307,"column":null}},"84":{"start":{"line":295,"column":48},"end":{"line":295,"column":null}},"85":{"start":{"line":296,"column":48},"end":{"line":296,"column":null}},"86":{"start":{"line":302,"column":63},"end":{"line":302,"column":null}},"87":{"start":{"line":303,"column":63},"end":{"line":303,"column":null}}},"fnMap":{"0":{"name":"(anonymous_0)","decl":{"start":{"line":24,"column":15},"end":{"line":24,"column":16}},"loc":{"start":{"line":24,"column":36},"end":{"line":317,"column":null}},"line":24},"1":{"name":"(anonymous_1)","decl":{"start":{"line":30,"column":32},"end":{"line":30,"column":33}},"loc":{"start":{"line":30,"column":43},"end":{"line":30,"column":55}},"line":30},"2":{"name":"(anonymous_2)","decl":{"start":{"line":31,"column":30},"end":{"line":31,"column":31}},"loc":{"start":{"line":31,"column":41},"end":{"line":31,"column":51}},"line":31},"3":{"name":"(anonymous_3)","decl":{"start":{"line":37,"column":17},"end":{"line":37,"column":29}},"loc":{"start":{"line":37,"column":29},"end":{"line":42,"column":null}},"line":37},"4":{"name":"(anonymous_4)","decl":{"start":{"line":49,"column":37},"end":{"line":49,"column":43}},"loc":{"start":{"line":49,"column":43},"end":{"line":62,"column":null}},"line":49},"5":{"name":"(anonymous_5)","decl":{"start":{"line":53,"column":36},"end":{"line":53,"column":45}},"loc":{"start":{"line":53,"column":45},"end":{"line":61,"column":9}},"line":53},"6":{"name":"(anonymous_6)","decl":{"start":{"line":65,"column":60},"end":{"line":65,"column":65}},"loc":{"start":{"line":65,"column":65},"end":{"line":65,"column":75}},"line":65},"7":{"name":"(anonymous_7)","decl":{"start":{"line":68,"column":20},"end":{"line":68,"column":21}},"loc":{"start":{"line":68,"column":28},"end":{"line":68,"column":null}},"line":68},"8":{"name":"(anonymous_8)","decl":{"start":{"line":69,"column":19},"end":{"line":69,"column":25}},"loc":{"start":{"line":69,"column":25},"end":{"line":69,"column":null}},"line":69},"9":{"name":"(anonymous_9)","decl":{"start":{"line":73,"column":20},"end":{"line":73,"column":26}},"loc":{"start":{"line":73,"column":26},"end":{"line":73,"column":null}},"line":73},"10":{"name":"(anonymous_10)","decl":{"start":{"line":74,"column":19},"end":{"line":74,"column":25}},"loc":{"start":{"line":74,"column":25},"end":{"line":77,"column":null}},"line":74},"11":{"name":"(anonymous_11)","decl":{"start":{"line":80,"column":14},"end":{"line":80,"column":20}},"loc":{"start":{"line":80,"column":20},"end":{"line":87,"column":7}},"line":80},"12":{"name":"(anonymous_12)","decl":{"start":{"line":81,"column":35},"end":{"line":81,"column":36}},"loc":{"start":{"line":81,"column":46},"end":{"line":84,"column":null}},"line":81},"13":{"name":"(anonymous_13)","decl":{"start":{"line":86,"column":15},"end":{"line":86,"column":21}},"loc":{"start":{"line":86,"column":21},"end":{"line":86,"column":null}},"line":86},"14":{"name":"(anonymous_14)","decl":{"start":{"line":98,"column":33},"end":{"line":98,"column":39}},"loc":{"start":{"line":98,"column":39},"end":{"line":116,"column":null}},"line":98},"15":{"name":"(anonymous_15)","decl":{"start":{"line":103,"column":68},"end":{"line":103,"column":74}},"loc":{"start":{"line":103,"column":74},"end":{"line":103,"column":105}},"line":103},"16":{"name":"(anonymous_16)","decl":{"start":{"line":104,"column":75},"end":{"line":104,"column":81}},"loc":{"start":{"line":104,"column":81},"end":{"line":104,"column":103}},"line":104},"17":{"name":"(anonymous_17)","decl":{"start":{"line":105,"column":77},"end":{"line":105,"column":83}},"loc":{"start":{"line":105,"column":83},"end":{"line":105,"column":112}},"line":105},"18":{"name":"(anonymous_18)","decl":{"start":{"line":106,"column":74},"end":{"line":106,"column":80}},"loc":{"start":{"line":106,"column":80},"end":{"line":106,"column":102}},"line":106},"19":{"name":"(anonymous_19)","decl":{"start":{"line":107,"column":87},"end":{"line":107,"column":93}},"loc":{"start":{"line":107,"column":93},"end":{"line":107,"column":122}},"line":107},"20":{"name":"(anonymous_20)","decl":{"start":{"line":108,"column":82},"end":{"line":108,"column":88}},"loc":{"start":{"line":108,"column":88},"end":{"line":108,"column":116}},"line":108},"21":{"name":"(anonymous_21)","decl":{"start":{"line":109,"column":82},"end":{"line":109,"column":88}},"loc":{"start":{"line":109,"column":88},"end":{"line":109,"column":106}},"line":109},"22":{"name":"(anonymous_22)","decl":{"start":{"line":115,"column":28},"end":{"line":115,"column":36}},"loc":{"start":{"line":115,"column":36},"end":{"line":115,"column":52}},"line":115},"23":{"name":"(anonymous_23)","decl":{"start":{"line":139,"column":29},"end":{"line":139,"column":35}},"loc":{"start":{"line":139,"column":35},"end":{"line":142,"column":null}},"line":139},"24":{"name":"(anonymous_24)","decl":{"start":{"line":152,"column":33},"end":{"line":152,"column":39}},"loc":{"start":{"line":152,"column":39},"end":{"line":152,"column":null}},"line":152},"25":{"name":"(anonymous_25)","decl":{"start":{"line":179,"column":66},"end":{"line":179,"column":null}},"loc":{"start":{"line":180,"column":44},"end":{"line":210,"column":null}},"line":180},"26":{"name":"(anonymous_26)","decl":{"start":{"line":182,"column":57},"end":{"line":182,"column":63}},"loc":{"start":{"line":182,"column":63},"end":{"line":186,"column":null}},"line":182},"27":{"name":"(anonymous_27)","decl":{"start":{"line":198,"column":58},"end":{"line":198,"column":64}},"loc":{"start":{"line":198,"column":64},"end":{"line":206,"column":59}},"line":198},"28":{"name":"(anonymous_28)","decl":{"start":{"line":221,"column":49},"end":{"line":221,"column":55}},"loc":{"start":{"line":221,"column":55},"end":{"line":221,"column":null}},"line":221},"29":{"name":"(anonymous_29)","decl":{"start":{"line":229,"column":45},"end":{"line":229,"column":51}},"loc":{"start":{"line":229,"column":51},"end":{"line":229,"column":null}},"line":229},"30":{"name":"(anonymous_30)","decl":{"start":{"line":243,"column":33},"end":{"line":243,"column":39}},"loc":{"start":{"line":243,"column":39},"end":{"line":243,"column":null}},"line":243},"31":{"name":"(anonymous_31)","decl":{"start":{"line":291,"column":51},"end":{"line":291,"column":52}},"loc":{"start":{"line":292,"column":40},"end":{"line":307,"column":null}},"line":292},"32":{"name":"(anonymous_32)","decl":{"start":{"line":294,"column":53},"end":{"line":294,"column":59}},"loc":{"start":{"line":294,"column":59},"end":{"line":297,"column":null}},"line":294},"33":{"name":"(anonymous_33)","decl":{"start":{"line":302,"column":58},"end":{"line":302,"column":63}},"loc":{"start":{"line":302,"column":63},"end":{"line":302,"column":null}},"line":302},"34":{"name":"(anonymous_34)","decl":{"start":{"line":303,"column":58},"end":{"line":303,"column":63}},"loc":{"start":{"line":303,"column":63},"end":{"line":303,"column":null}},"line":303}},"branchMap":{"0":{"loc":{"start":{"line":35,"column":18},"end":{"line":35,"column":37}},"type":"default-arg","locations":[{"start":{"line":35,"column":34},"end":{"line":35,"column":37}}],"line":35},"1":{"loc":{"start":{"line":44,"column":17},"end":{"line":44,"column":null}},"type":"binary-expr","locations":[{"start":{"line":44,"column":17},"end":{"line":44,"column":27}},{"start":{"line":44,"column":27},"end":{"line":44,"column":null}}],"line":44},"2":{"loc":{"start":{"line":51,"column":22},"end":{"line":51,"column":42}},"type":"binary-expr","locations":[{"start":{"line":51,"column":22},"end":{"line":51,"column":33}},{"start":{"line":51,"column":33},"end":{"line":51,"column":42}}],"line":51},"3":{"loc":{"start":{"line":55,"column":12},"end":{"line":59,"column":null}},"type":"if","locations":[{"start":{"line":55,"column":12},"end":{"line":59,"column":null}},{"start":{},"end":{}}],"line":55},"4":{"loc":{"start":{"line":55,"column":16},"end":{"line":55,"column":63}},"type":"binary-expr","locations":[{"start":{"line":55,"column":16},"end":{"line":55,"column":40}},{"start":{"line":55,"column":40},"end":{"line":55,"column":63}}],"line":55},"5":{"loc":{"start":{"line":56,"column":16},"end":{"line":56,"column":null}},"type":"if","locations":[{"start":{"line":56,"column":16},"end":{"line":56,"column":null}},{"start":{},"end":{}}],"line":56},"6":{"loc":{"start":{"line":58,"column":16},"end":{"line":58,"column":null}},"type":"if","locations":[{"start":{"line":58,"column":16},"end":{"line":58,"column":null}},{"start":{},"end":{}}],"line":58},"7":{"loc":{"start":{"line":58,"column":20},"end":{"line":58,"column":79}},"type":"binary-expr","locations":[{"start":{"line":58,"column":20},"end":{"line":58,"column":35}},{"start":{"line":58,"column":35},"end":{"line":58,"column":79}}],"line":58},"8":{"loc":{"start":{"line":82,"column":12},"end":{"line":82,"column":null}},"type":"if","locations":[{"start":{"line":82,"column":12},"end":{"line":82,"column":null}},{"start":{},"end":{}}],"line":82},"9":{"loc":{"start":{"line":82,"column":16},"end":{"line":82,"column":82}},"type":"binary-expr","locations":[{"start":{"line":82,"column":16},"end":{"line":82,"column":38}},{"start":{"line":82,"column":38},"end":{"line":82,"column":82}}],"line":82},"10":{"loc":{"start":{"line":83,"column":12},"end":{"line":83,"column":null}},"type":"if","locations":[{"start":{"line":83,"column":12},"end":{"line":83,"column":null}},{"start":{},"end":{}}],"line":83},"11":{"loc":{"start":{"line":83,"column":16},"end":{"line":83,"column":78}},"type":"binary-expr","locations":[{"start":{"line":83,"column":16},"end":{"line":83,"column":36}},{"start":{"line":83,"column":36},"end":{"line":83,"column":78}}],"line":83},"12":{"loc":{"start":{"line":89,"column":28},"end":{"line":91,"column":null}},"type":"cond-expr","locations":[{"start":{"line":90,"column":10},"end":{"line":90,"column":null}},{"start":{"line":91,"column":11},"end":{"line":91,"column":null}}],"line":89},"13":{"loc":{"start":{"line":90,"column":32},"end":{"line":90,"column":52}},"type":"binary-expr","locations":[{"start":{"line":90,"column":32},"end":{"line":90,"column":50}},{"start":{"line":90,"column":50},"end":{"line":90,"column":52}}],"line":90},"14":{"loc":{"start":{"line":91,"column":11},"end":{"line":91,"column":null}},"type":"binary-expr","locations":[{"start":{"line":91,"column":11},"end":{"line":91,"column":25}},{"start":{"line":91,"column":25},"end":{"line":91,"column":null}}],"line":91},"15":{"loc":{"start":{"line":93,"column":26},"end":{"line":95,"column":null}},"type":"cond-expr","locations":[{"start":{"line":94,"column":11},"end":{"line":94,"column":null}},{"start":{"line":95,"column":10},"end":{"line":95,"column":null}}],"line":93},"16":{"loc":{"start":{"line":94,"column":11},"end":{"line":94,"column":null}},"type":"cond-expr","locations":[{"start":{"line":94,"column":44},"end":{"line":94,"column":58}},{"start":{"line":94,"column":58},"end":{"line":94,"column":null}}],"line":94},"17":{"loc":{"start":{"line":100,"column":22},"end":{"line":100,"column":42}},"type":"binary-expr","locations":[{"start":{"line":100,"column":22},"end":{"line":100,"column":33}},{"start":{"line":100,"column":33},"end":{"line":100,"column":42}}],"line":100},"18":{"loc":{"start":{"line":113,"column":8},"end":{"line":113,"column":null}},"type":"if","locations":[{"start":{"line":113,"column":8},"end":{"line":113,"column":null}},{"start":{},"end":{}}],"line":113},"19":{"loc":{"start":{"line":113,"column":12},"end":{"line":113,"column":52}},"type":"binary-expr","locations":[{"start":{"line":113,"column":12},"end":{"line":113,"column":32}},{"start":{"line":113,"column":32},"end":{"line":113,"column":52}}],"line":113},"20":{"loc":{"start":{"line":140,"column":24},"end":{"line":141,"column":null}},"type":"if","locations":[{"start":{"line":140,"column":24},"end":{"line":141,"column":null}},{"start":{"line":141,"column":29},"end":{"line":141,"column":null}}],"line":140},"21":{"loc":{"start":{"line":157,"column":25},"end":{"line":158,"column":null}},"type":"binary-expr","locations":[{"start":{"line":157,"column":25},"end":{"line":157,"column":null}},{"start":{"line":158,"column":28},"end":{"line":158,"column":null}}],"line":157},"22":{"loc":{"start":{"line":163,"column":25},"end":{"line":235,"column":null}},"type":"binary-expr","locations":[{"start":{"line":163,"column":25},"end":{"line":163,"column":null}},{"start":{"line":164,"column":28},"end":{"line":235,"column":null}}],"line":163},"23":{"loc":{"start":{"line":173,"column":37},"end":{"line":174,"column":null}},"type":"binary-expr","locations":[{"start":{"line":173,"column":37},"end":{"line":173,"column":null}},{"start":{"line":174,"column":40},"end":{"line":174,"column":null}}],"line":173},"24":{"loc":{"start":{"line":178,"column":37},"end":{"line":216,"column":null}},"type":"cond-expr","locations":[{"start":{"line":179,"column":40},"end":{"line":211,"column":null}},{"start":{"line":213,"column":40},"end":{"line":216,"column":null}}],"line":178},"25":{"loc":{"start":{"line":183,"column":52},"end":{"line":183,"column":null}},"type":"if","locations":[{"start":{"line":183,"column":52},"end":{"line":183,"column":null}},{"start":{},"end":{}}],"line":183},"26":{"loc":{"start":{"line":184,"column":52},"end":{"line":184,"column":null}},"type":"if","locations":[{"start":{"line":184,"column":52},"end":{"line":184,"column":null}},{"start":{},"end":{}}],"line":184},"27":{"loc":{"start":{"line":190,"column":69},"end":{"line":190,"column":null}},"type":"cond-expr","locations":[{"start":{"line":190,"column":82},"end":{"line":190,"column":111}},{"start":{"line":190,"column":111},"end":{"line":190,"column":null}}],"line":190},"28":{"loc":{"start":{"line":194,"column":102},"end":{"line":194,"column":187}},"type":"cond-expr","locations":[{"start":{"line":194,"column":147},"end":{"line":194,"column":159}},{"start":{"line":194,"column":159},"end":{"line":194,"column":187}}],"line":194},"29":{"loc":{"start":{"line":194,"column":102},"end":{"line":194,"column":147}},"type":"binary-expr","locations":[{"start":{"line":194,"column":102},"end":{"line":194,"column":124}},{"start":{"line":194,"column":124},"end":{"line":194,"column":147}}],"line":194},"30":{"loc":{"start":{"line":201,"column":64},"end":{"line":201,"column":null}},"type":"if","locations":[{"start":{"line":201,"column":64},"end":{"line":201,"column":null}},{"start":{},"end":{}}],"line":201},"31":{"loc":{"start":{"line":219,"column":33},"end":{"line":226,"column":null}},"type":"binary-expr","locations":[{"start":{"line":219,"column":33},"end":{"line":219,"column":null}},{"start":{"line":220,"column":36},"end":{"line":226,"column":null}}],"line":219},"32":{"loc":{"start":{"line":249,"column":33},"end":{"line":250,"column":null}},"type":"binary-expr","locations":[{"start":{"line":249,"column":33},"end":{"line":249,"column":null}},{"start":{"line":250,"column":36},"end":{"line":250,"column":null}}],"line":249},"33":{"loc":{"start":{"line":252,"column":33},"end":{"line":253,"column":null}},"type":"binary-expr","locations":[{"start":{"line":252,"column":33},"end":{"line":252,"column":null}},{"start":{"line":253,"column":36},"end":{"line":253,"column":null}}],"line":252},"34":{"loc":{"start":{"line":253,"column":202},"end":{"line":256,"column":null}},"type":"binary-expr","locations":[{"start":{"line":255,"column":34},"end":{"line":255,"column":65}},{"start":{"line":255,"column":65},"end":{"line":255,"column":null}},{"start":{"line":256,"column":36},"end":{"line":256,"column":null}}],"line":253},"35":{"loc":{"start":{"line":261,"column":29},"end":{"line":264,"column":null}},"type":"cond-expr","locations":[{"start":{"line":262,"column":32},"end":{"line":262,"column":null}},{"start":{"line":262,"column":109},"end":{"line":264,"column":null}}],"line":261},"36":{"loc":{"start":{"line":264,"column":33},"end":{"line":264,"column":57}},"type":"binary-expr","locations":[{"start":{"line":264,"column":33},"end":{"line":264,"column":52}},{"start":{"line":264,"column":52},"end":{"line":264,"column":57}}],"line":264},"37":{"loc":{"start":{"line":267,"column":82},"end":{"line":267,"column":115}},"type":"cond-expr","locations":[{"start":{"line":267,"column":98},"end":{"line":267,"column":113}},{"start":{"line":267,"column":113},"end":{"line":267,"column":115}}],"line":267},"38":{"loc":{"start":{"line":271,"column":25},"end":{"line":310,"column":null}},"type":"binary-expr","locations":[{"start":{"line":271,"column":25},"end":{"line":271,"column":null}},{"start":{"line":272,"column":28},"end":{"line":310,"column":null}}],"line":271},"39":{"loc":{"start":{"line":282,"column":136},"end":{"line":282,"column":258}},"type":"cond-expr","locations":[{"start":{"line":282,"column":165},"end":{"line":282,"column":193}},{"start":{"line":282,"column":193},"end":{"line":282,"column":258}}],"line":282},"40":{"loc":{"start":{"line":282,"column":193},"end":{"line":282,"column":258}},"type":"cond-expr","locations":[{"start":{"line":282,"column":226},"end":{"line":282,"column":255}},{"start":{"line":282,"column":255},"end":{"line":282,"column":258}}],"line":282},"41":{"loc":{"start":{"line":283,"column":52},"end":{"line":283,"column":null}},"type":"cond-expr","locations":[{"start":{"line":283,"column":104},"end":{"line":283,"column":185}},{"start":{"line":283,"column":185},"end":{"line":283,"column":null}}],"line":283},"42":{"loc":{"start":{"line":283,"column":52},"end":{"line":283,"column":104}},"type":"binary-expr","locations":[{"start":{"line":283,"column":52},"end":{"line":283,"column":73}},{"start":{"line":283,"column":73},"end":{"line":283,"column":104}}],"line":283},"43":{"loc":{"start":{"line":285,"column":45},"end":{"line":285,"column":null}},"type":"cond-expr","locations":[{"start":{"line":285,"column":74},"end":{"line":285,"column":83}},{"start":{"line":285,"column":83},"end":{"line":285,"column":null}}],"line":285},"44":{"loc":{"start":{"line":285,"column":83},"end":{"line":285,"column":null}},"type":"cond-expr","locations":[{"start":{"line":285,"column":116},"end":{"line":285,"column":128}},{"start":{"line":285,"column":128},"end":{"line":285,"column":null}}],"line":285},"45":{"loc":{"start":{"line":300,"column":55},"end":{"line":300,"column":null}},"type":"cond-expr","locations":[{"start":{"line":300,"column":83},"end":{"line":300,"column":95}},{"start":{"line":300,"column":95},"end":{"line":300,"column":null}}],"line":300},"46":{"loc":{"start":{"line":302,"column":103},"end":{"line":302,"column":null}},"type":"cond-expr","locations":[{"start":{"line":302,"column":131},"end":{"line":302,"column":155}},{"start":{"line":302,"column":155},"end":{"line":302,"column":null}}],"line":302}},"s":{"0":1,"1":0,"2":0,"3":0,"4":0,"5":0,"6":0,"7":0,"8":0,"9":0,"10":0,"11":0,"12":0,"13":0,"14":0,"15":0,"16":0,"17":0,"18":0,"19":0,"20":0,"21":0,"22":0,"23":0,"24":0,"25":0,"26":0,"27":0,"28":0,"29":0,"30":0,"31":0,"32":0,"33":0,"34":0,"35":0,"36":0,"37":0,"38":0,"39":0,"40":0,"41":0,"42":0,"43":0,"44":0,"45":0,"46":0,"47":0,"48":0,"49":0,"50":0,"51":0,"52":0,"53":0,"54":0,"55":0,"56":0,"57":0,"58":0,"59":0,"60":0,"61":0,"62":0,"63":0,"64":0,"65":0,"66":0,"67":0,"68":0,"69":0,"70":0,"71":0,"72":0,"73":0,"74":0,"75":0,"76":0,"77":0,"78":0,"79":0,"80":0,"81":0,"82":0,"83":0,"84":0,"85":0,"86":0,"87":0},"f":{"0":0,"1":0,"2":0,"3":0,"4":0,"5":0,"6":0,"7":0,"8":0,"9":0,"10":0,"11":0,"12":0,"13":0,"14":0,"15":0,"16":0,"17":0,"18":0,"19":0,"20":0,"21":0,"22":0,"23":0,"24":0,"25":0,"26":0,"27":0,"28":0,"29":0,"30":0,"31":0,"32":0,"33":0,"34":0},"b":{"0":[0],"1":[0,0],"2":[0,0],"3":[0,0],"4":[0,0],"5":[0,0],"6":[0,0],"7":[0,0],"8":[0,0],"9":[0,0],"10":[0,0],"11":[0,0],"12":[0,0],"13":[0,0],"14":[0,0],"15":[0,0],"16":[0,0],"17":[0,0],"18":[0,0],"19":[0,0],"20":[0,0],"21":[0,0],"22":[0,0],"23":[0,0],"24":[0,0],"25":[0,0],"26":[0,0],"27":[0,0],"28":[0,0],"29":[0,0],"30":[0,0],"31":[0,0],"32":[0,0],"33":[0,0],"34":[0,0,0],"35":[0,0],"36":[0,0],"37":[0,0],"38":[0,0],"39":[0,0],"40":[0,0],"41":[0,0],"42":[0,0],"43":[0,0],"44":[0,0],"45":[0,0],"46":[0,0]},"meta":{"lastBranch":47,"lastFunction":35,"lastStatement":88,"seen":{"s:24:15:317:Infinity":0,"f:24:15:24:16":0,"s:25:27:25:Infinity":1,"s:26:42:26:Infinity":2,"s:27:38:27:Infinity":3,"s:28:10:28:Infinity":4,"s:29:10:29:Infinity":5,"s:30:10:30:Infinity":6,"f:30:32:30:33":1,"s:30:43:30:55":7,"s:31:10:31:Infinity":8,"f:31:30:31:31":2,"s:31:41:31:51":9,"s:32:10:32:Infinity":10,"s:33:10:33:Infinity":11,"s:35:37:45:Infinity":12,"b:35:34:35:37":0,"f:37:17:37:29":3,"s:38:29:40:Infinity":13,"s:41:12:41:Infinity":14,"b:44:17:44:27:44:27:44:Infinity":1,"s:49:37:62:Infinity":15,"f:49:37:49:43":4,"s:50:24:50:Infinity":16,"s:51:14:51:Infinity":17,"b:51:22:51:33:51:33:51:42":2,"s:53:8:61:Infinity":18,"f:53:36:53:45":5,"b:55:12:59:Infinity:undefined:undefined:undefined:undefined":3,"s:55:12:59:Infinity":19,"b:55:16:55:40:55:40:55:63":4,"b:56:16:56:Infinity:undefined:undefined:undefined:undefined":5,"s:56:16:56:Infinity":20,"s:56:52:56:Infinity":21,"b:58:16:58:Infinity:undefined:undefined:undefined:undefined":6,"s:58:16:58:Infinity":22,"b:58:20:58:35:58:35:58:79":7,"s:58:79:58:Infinity":23,"s:60:12:60:Infinity":24,"s:64:34:64:Infinity":25,"s:65:31:65:Infinity":26,"f:65:60:65:65":6,"s:65:65:65:75":27,"s:67:10:70:Infinity":28,"f:68:20:68:21":7,"s:68:28:68:Infinity":29,"f:69:19:69:25":8,"s:69:25:69:Infinity":30,"s:72:10:78:Infinity":31,"f:73:20:73:26":9,"s:73:26:73:Infinity":32,"f:74:19:74:25":10,"s:75:12:75:Infinity":33,"s:76:12:76:Infinity":34,"s:80:4:87:Infinity":35,"f:80:14:80:20":11,"s:81:35:84:Infinity":36,"f:81:35:81:36":12,"b:82:12:82:Infinity:undefined:undefined:undefined:undefined":8,"s:82:12:82:Infinity":37,"b:82:16:82:38:82:38:82:82":9,"s:82:82:82:Infinity":38,"b:83:12:83:Infinity:undefined:undefined:undefined:undefined":10,"s:83:12:83:Infinity":39,"b:83:16:83:36:83:36:83:78":11,"s:83:78:83:Infinity":40,"s:85:8:85:Infinity":41,"s:86:8:86:Infinity":42,"f:86:15:86:21":13,"s:86:21:86:Infinity":43,"s:89:28:91:Infinity":44,"b:90:10:90:Infinity:91:11:91:Infinity":12,"b:90:32:90:50:90:50:90:52":13,"b:91:11:91:25:91:25:91:Infinity":14,"s:93:26:95:Infinity":45,"b:94:11:94:Infinity:95:10:95:Infinity":15,"b:94:44:94:58:94:58:94:Infinity":16,"s:98:33:116:Infinity":46,"f:98:33:98:39":14,"s:99:24:99:Infinity":47,"s:100:14:100:Infinity":48,"b:100:22:100:33:100:33:100:42":17,"s:102:22:111:Infinity":49,"f:103:68:103:74":15,"s:103:74:103:105":50,"f:104:75:104:81":16,"s:104:81:104:103":51,"f:105:77:105:83":17,"s:105:83:105:112":52,"f:106:74:106:80":18,"s:106:80:106:102":53,"f:107:87:107:93":19,"s:107:93:107:122":54,"f:108:82:108:88":20,"s:108:88:108:116":55,"f:109:82:109:88":21,"s:109:88:109:106":56,"b:113:8:113:Infinity:undefined:undefined:undefined:undefined":18,"s:113:8:113:Infinity":57,"b:113:12:113:32:113:32:113:52":19,"s:113:52:113:Infinity":58,"s:115:8:115:Infinity":59,"f:115:28:115:36":22,"s:115:36:115:52":60,"s:118:22:118:Infinity":61,"s:120:4:315:Infinity":62,"f:139:29:139:35":23,"b:140:24:141:Infinity:141:29:141:Infinity":20,"s:140:24:141:Infinity":63,"s:140:71:140:Infinity":64,"s:141:29:141:Infinity":65,"f:152:33:152:39":24,"s:152:39:152:Infinity":66,"b:157:25:157:Infinity:158:28:158:Infinity":21,"b:163:25:163:Infinity:164:28:235:Infinity":22,"b:173:37:173:Infinity:174:40:174:Infinity":23,"b:179:40:211:Infinity:213:40:216:Infinity":24,"f:179:66:179:Infinity":25,"s:180:44:210:Infinity":67,"f:182:57:182:63":26,"b:183:52:183:Infinity:undefined:undefined:undefined:undefined":25,"s:183:52:183:Infinity":68,"s:183:68:183:Infinity":69,"b:184:52:184:Infinity:undefined:undefined:undefined:undefined":26,"s:184:52:184:Infinity":70,"s:184:64:184:Infinity":71,"s:185:52:185:Infinity":72,"b:190:82:190:111:190:111:190:Infinity":27,"b:194:147:194:159:194:159:194:187":28,"b:194:102:194:124:194:124:194:147":29,"f:198:58:198:64":27,"s:199:60:205:Infinity":73,"s:200:74:200:Infinity":74,"b:201:64:201:Infinity:undefined:undefined:undefined:undefined":30,"s:201:64:201:Infinity":75,"s:201:88:201:Infinity":76,"s:202:64:202:Infinity":77,"s:204:64:204:Infinity":78,"b:219:33:219:Infinity:220:36:226:Infinity":31,"f:221:49:221:55":28,"s:221:55:221:Infinity":79,"f:229:45:229:51":29,"s:229:53:229:81":80,"s:229:81:229:104":81,"f:243:33:243:39":30,"s:243:39:243:Infinity":82,"b:249:33:249:Infinity:250:36:250:Infinity":32,"b:252:33:252:Infinity:253:36:253:Infinity":33,"b:255:34:255:65:255:65:255:Infinity:256:36:256:Infinity":34,"b:262:32:262:Infinity:262:109:264:Infinity":35,"b:264:33:264:52:264:52:264:57":36,"b:267:98:267:113:267:113:267:115":37,"b:271:25:271:Infinity:272:28:310:Infinity":38,"b:282:165:282:193:282:193:282:258":39,"b:282:226:282:255:282:255:282:258":40,"b:283:104:283:185:283:185:283:Infinity":41,"b:283:52:283:73:283:73:283:104":42,"b:285:74:285:83:285:83:285:Infinity":43,"b:285:116:285:128:285:128:285:Infinity":44,"f:291:51:291:52":31,"s:292:40:307:Infinity":83,"f:294:53:294:59":32,"s:295:48:295:Infinity":84,"s:296:48:296:Infinity":85,"b:300:83:300:95:300:95:300:Infinity":45,"f:302:58:302:63":33,"s:302:63:302:Infinity":86,"b:302:131:302:155:302:155:302:Infinity":46,"f:303:58:303:63":34,"s:303:63:303:Infinity":87}}}
[...]
,"end":{"line":88,"column":48}},"43":{"start":{"line":92,"column":8},"end":{"line":92,"column":null}},"44":{"start":{"line":95,"column":29},"end":{"line":97,"column":null}},"45":{"start":{"line":96,"column":12},"end":{"line":96,"column":null}},"46":{"start":{"line":96,"column":36},"end":{"line":96,"column":78}},"47":{"start":{"line":99,"column":33},"end":{"line":101,"column":null}},"48":{"start":{"line":100,"column":12},"end":{"line":100,"column":null}},"49":{"start":{"line":100,"column":33},"end":{"line":100,"column":61}},"50":{"start":{"line":103,"column":8},"end":{"line":107,"column":null}},"51":{"start":{"line":104,"column":12},"end":{"line":104,"column":null}},"52":{"start":{"line":105,"column":12},"end":{"line":105,"column":null}},"53":{"start":{"line":106,"column":12},"end":{"line":106,"column":null}},"54":{"start":{"line":110,"column":4},"end":{"line":182,"column":null}}},"fnMap":{"0":{"name":"(anonymous_0)","decl":{"start":{"line":18,"column":18},"end":{"line":18,"column":24}},"loc":{"start":{"line":18,"column":24},"end":{"line":184,"column":null}},"line":18},"1":{"name":"(anonymous_1)","decl":{"start":{"line":27,"column":14},"end":{"line":27,"column":20}},"loc":{"start":{"line":27,"column":20},"end":{"line":108,"column":7}},"line":27},"2":{"name":"(anonymous_2)","decl":{"start":{"line":31,"column":26},"end":{"line":31,"column":38}},"loc":{"start":{"line":31,"column":38},"end":{"line":90,"column":null}},"line":31},"3":{"name":"(anonymous_3)","decl":{"start":{"line":39,"column":38},"end":{"line":39,"column":44}},"loc":{"start":{"line":39,"column":44},"end":{"line":39,"column":47}},"line":39},"4":{"name":"(anonymous_4)","decl":{"start":{"line":59,"column":46},"end":{"line":59,"column":51}},"loc":{"start":{"line":59,"column":51},"end":{"line":59,"column":70}},"line":59},"5":{"name":"(anonymous_5)","decl":{"start":{"line":74,"column":31},"end":{"line":74,"column":37}},"loc":{"start":{"line":74,"column":37},"end":{"line":80,"column":23}},"line":74},"6":{"name":"(anonymous_6)","decl":{"start":{"line":88,"column":27},"end":{"line":88,"column":33}},"loc":{"start":{"line":88,"column":33},"end":{"line":88,"column":48}},"line":88},"7":{"name":"(anonymous_7)","decl":{"start":{"line":95,"column":41},"end":{"line":95,"column":47}},"loc":{"start":{"line":95,"column":47},"end":{"line":97,"column":11}},"line":95},"8":{"name":"(anonymous_8)","decl":{"start":{"line":96,"column":27},"end":{"line":96,"column":36}},"loc":{"start":{"line":96,"column":36},"end":{"line":96,"column":78}},"line":96},"9":{"name":"(anonymous_9)","decl":{"start":{"line":99,"column":45},"end":{"line":99,"column":51}},"loc":{"start":{"line":99,"column":51},"end":{"line":101,"column":11}},"line":99},"10":{"name":"(anonymous_10)","decl":{"start":{"line":100,"column":24},"end":{"line":100,"column":33}},"loc":{"start":{"line":100,"column":33},"end":{"line":100,"column":61}},"line":100},"11":{"name":"(anonymous_11)","decl":{"start":{"line":103,"column":15},"end":{"line":103,"column":21}},"loc":{"start":{"line":103,"column":21},"end":{"line":107,"column":null}},"line":103}},"branchMap":{"0":{"loc":{"start":{"line":51,"column":37},"end":{"line":51,"column":null}},"type":"cond-expr","locations":[{"start":{"line":51,"column":53},"end":{"line":51,"column":61}},{"start":{"line":51,"column":61},"end":{"line":51,"column":null}}],"line":51},"1":{"loc":{"start":{"line":57,"column":24},"end":{"line":62,"column":null}},"type":"if","locations":[{"start":{"line":57,"column":24},"end":{"line":62,"column":null}},{"start":{"line":60,"column":31},"end":{"line":62,"column":null}}],"line":57},"2":{"loc":{"start":{"line":57,"column":28},"end":{"line":57,"column":91}},"type":"binary-expr","locations":[{"start":{"line":57,"column":28},"end":{"line":57,"column":44}},{"start":{"line":57,"column":44},"end":{"line":57,"column":75}},{"start":{"line":57,"column":75},"end":{"line":57,"column":91}}],"line":57},"3":{"loc":{"start":{"line":67,"column":30},"end":{"line":67,"column":null}},"type":"binary-expr","locations":[{"start":{"line":67,"column":30},"end":{"line":67,"column":40}},{"start":{"line":67,"column":40},"end":{"line":67,"column":56}},{"start":{"line":67,"column":56},"end":{"line":67,"column":null}}],"line":67},"4":{"loc":{"start":{"line":69,"column":16},"end":{"line":81,"column":null}},"type":"if","locations":[{"start":{"line":69,"column":16},"end":{"line":81,"column":null}},{"start":{},"end":{}}],"line":69},"5":{"loc":{"start":{"line":75,"column":24},"end":{"line":79,"column":null}},"type":"if","locations":[{"start":{"line":75,"column":24},"end":{"line":79,"column":null}},{"start":{},"end":{}}],"line":75},"6":{"loc":{"start":{"line":76,"column":36},"end":{"line":76,"column":74}},"type":"binary-expr","locations":[{"start":{"line":76,"column":36},"end":{"line":76,"column":44}},{"start":{"line":76,"column":44},"end":{"line":76,"column":74}}],"line":76},"7":{"loc":{"start":{"line":84,"column":33},"end":{"line":86,"column":null}},"type":"cond-expr","locations":[{"start":{"line":85,"column":22},"end":{"line":85,"column":null}},{"start":{"line":86,"column":23},"end":{"line":86,"column":null}}],"line":84},"8":{"loc":{"start":{"line":86,"column":23},"end":{"line":86,"column":null}},"type":"binary-expr","locations":[{"start":{"line":86,"column":23},"end":{"line":86,"column":53}},{"start":{"line":86,"column":53},"end":{"line":86,"column":98}},{"start":{"line":86,"column":98},"end":{"line":86,"column":null}}],"line":86},"9":{"loc":{"start":{"line":96,"column":36},"end":{"line":96,"column":78}},"type":"cond-expr","locations":[{"start":{"line":96,"column":62},"end":{"line":96,"column":73}},{"start":{"line":96,"column":73},"end":{"line":96,"column":78}}],"line":96},"10":{"loc":{"start":{"line":100,"column":33},"end":{"line":100,"column":61}},"type":"cond-expr","locations":[{"start":{"line":100,"column":45},"end":{"line":100,"column":56}},{"start":{"line":100,"column":56},"end":{"line":100,"column":61}}],"line":100}},"s":{"0":1,"1":1,"2":0,"3":0,"4":0,"5":0,"6":0,"7":0,"8":0,"9":0,"10":0,"11":0,"12":0,"13":0,"14":0,"15":0,"16":0,"17":0,"18":0,"19":0,"20":0,"21":0,"22":0,"23":0,"24":0,"25":0,"26":0,"27":0,"28":0,"29":0,"30":0,"31":0,"32":0,"33":0,"34":0,"35":0,"36":0,"37":0,"38":0,"39":0,"40":0,"41":0,"42":0,"43":0,"44":0,"45":0,"46":0,"47":0,"48":0,"49":0,"50":0,"51":0,"52":0,"53":0,"54":0},"f":{"0":0,"1":0,"2":0,"3":0,"4":0,"5":0,"6":0,"7":0,"8":0,"9":0,"10":0,"11":0},"b":{"0":[0,0],"1":[0,0],"2":[0,0,0],"3":[0,0,0],"4":[0,0],"5":[0,0],"6":[0,0],"7":[0,0],"8":[0,0,0],"9":[0,0],"10":[0,0]},"meta":{"lastBranch":11,"lastFunction":12,"lastStatement":55,"seen":{"s:10:14:16:Infinity":0,"s:18:18:184:Infinity":1,"f:18:18:18:24":0,"s:19:10:19:Infinity":2,"s:20:31:20:Infinity":3,"s:21:10:21:Infinity":4,"s:23:38:23:Infinity":5,"s:24:32:24:Infinity":6,"s:27:4:108:Infinity":7,"f:27:14:27:20":1,"s:28:24:28:Infinity":8,"s:29:26:29:Infinity":9,"s:31:26:90:Infinity":10,"f:31:26:31:38":2,"s:32:12:89:Infinity":11,"s:33:16:33:Infinity":12,"s:35:16:35:Infinity":13,"s:38:16:38:Infinity":14,"s:39:16:39:Infinity":15,"f:39:38:39:44":3,"s:44:16:64:Infinity":16,"s:44:35:44:38":17,"s:45:20:63:Infinity":18,"s:46:24:46:Infinity":19,"s:47:24:52:Infinity":20,"b:51:53:51:61:51:61:51:Infinity":0,"s:53:24:53:Infinity":21,"s:55:24:55:Infinity":22,"s:56:24:56:Infinity":23,"b:57:24:62:Infinity:60:31:62:Infinity":1,"s:57:24:62:Infinity":24,"b:57:28:57:44:57:44:57:75:57:75:57:91":2,"s:59:28:59:Infinity":25,"f:59:46:59:51":4,"s:59:51:59:70":26,"s:61:28:61:Infinity":27,"s:66:60:66:Infinity":28,"s:67:30:67:Infinity":29,"b:67:30:67:40:67:40:67:56:67:56:67:Infinity":3,"b:69:16:81:Infinity:undefined:undefined:undefined:undefined":4,"s:69:16:81:Infinity":30,"s:71:40:71:Infinity":31,"s:72:42:72:Infinity":32,"s:74:20:80:Infinity":33,"f:74:31:74:37":5,"b:75:24:79:Infinity:undefined:undefined:undefined:undefined":5,"s:75:24:79:Infinity":34,"s:76:28:76:Infinity":35,"b:76:36:76:44:76:44:76:74":6,"s:77:28:77:Infinity":36,"s:78:28:78:Infinity":37,"s:83:16:83:Infinity":38,"s:84:33:86:Infinity":39,"b:85:22:85:Infinity:86:23:86:Infinity":7,"b:86:23:86:53:86:53:86:98:86:98:86:Infinity":8,"s:87:16:87:Infinity":40,"s:88:16:88:Infinity":41,"f:88:27:88:33":6,"s:88:33:88:48":42,"s:92:8:92:Infinity":43,"s:95:29:97:Infinity":44,"f:95:41:95:47":7,"s:96:12:96:Infinity":45,"f:96:27:96:36":8,"s:96:36:96:78":46,"b:96:62:96:73:96:73:96:78":9,"s:99:33:101:Infinity":47,"f:99:45:99:51":9,"s:100:12:100:Infinity":48,"f:100:24:100:33":10,"s:100:33:100:61":49,"b:100:45:100:56:100:56:100:61":10,"s:103:8:107:Infinity":50,"f:103:15:103:21":11,"s:104:12:104:Infinity":51,"s:105:12:105:Infinity":52,"s:106:12:106:Infinity":53,"s:110:4:182:Infinity":54}}}
,"C:\\Users\\mirza\\.gemini\\antigravity\\scratch\\InvoiceAZ\\frontend\\src\\pages\\Login.jsx": {"path":"C:\\Users\\mirza\\.gemini\\antigravity\\scratch\\InvoiceAZ\\frontend\\src\\pages\\Login.jsx","statementMap":{"0":{"start":{"line":12,"column":14},"end":{"line":213,"column":null}},"1":{"start":{"line":13,"column":26},"end":{"line":13,"column":null}},"2":{"start":{"line":14,"column":32},"end":{"line":14,"column":null}},"3":{"start":{"line":15,"column":40},"end":{"line":15,"column":null}},"4":{"start":{"line":16,"column":34},"end":{"line":16,"column":null}},"5":{"start":{"line":17,"column":10},"end":{"line":17,"column":null}},"6":{"start":{"line":17,"column":44},"end":{"line":17,"column":57}},"7":{"start":{"line":18,"column":10},"end":{"line":18,"column":null}},"8":{"start":{"line":19,"column":10},"end":{"line":19,"column":null}},"9":{"start":{"line":21,"column":25},"end":{"line":43,"column":null}},"10":{"start":{"line":22,"column":8},"end":{"line":22,"column":null}},"11":{"start":{"line":23,"column":8},"end":{"line":23,"column":null}},"12":{"start":{"line":23,"column":27},"end":{"line":23,"column":null}},"13":{"start":{"line":24,"column":8},"end":{"line":24,"column":null}},"14":{"start":{"line":24,"column":30},"end":{"line":24,"column":null}},"15":{"start":{"line":25,"column":8},"end":{"line":25,"column":null}},"16":{"start":{"line":26,"column":8},"end":{"line":42,"column":null}},"17":{"start":{"line":27,"column":29},"end":{"line":27,"column":null}},"18":{"start":{"line":28,"column":51},"end":{"line":28,"column":null}},"19":{"start":{"line":29,"column":26},"end":{"line":29,"column":null}},"20":{"start":{"line":31,"column":12},"end":{"line":37,"column":null}},"21":{"start":{"line":32,"column":16},"end":{"line":32,"column":null}},"22":{"start":{"line":33,"column":16},"end":{"line":33,"column":null}},"23":{"start":{"line":34,"column":16},"end":{"line":34,"column":null}},"24":{"start":{"line":36,"column":16},"end":{"line":36,"column":null}},"25":{"start":{"line":39,"column":12},"end":{"line":39,"column":null}},"26":{"start":{"line":41,"column":12},"end":{"line":41,"column":null}},"27":{"start":{"line":45,"column":4},"end":{"line":211,"column":null}},"28":{"start":{"line":55,"column":99},"end":{"line":55,"column":null}},"29":{"start":{"line":80,"column":28},"end":{"line":83,"column":null}},"30":{"start":{"line":98,"column":107},"end":{"line":98,"column":null}},"31":{"start":{"line":114,"column":28},"end":{"line":114,"column":null}},"32":{"start":{"line":117,"column":28},"end":{"line":121,"column":null}},"33":{"start":{"line":118,"column":32},"end":{"line":118,"column":null}},"34":{"start":{"line":120,"column":32},"end":{"line":120,"column":null}},"35":{"start":{"line":124,"column":28},"end":{"line":124,"column":null}},"36":{"start":{"line":153,"column":53},"end":{"line":153,"column":null}},"37":{"start":{"line":167,"column":53},"end":{"line":167,"column":null}},"38":{"start":{"line":169,"column":69},"end":{"line":169,"column":101}}},"fnMap":{"0":{"name":"(anonymous_0)","decl":{"start":{"line":12,"column":14},"end":{"line":12,"column":20}},"loc":{"start":{"line":12,"column":20},"end":{"line":213,"column":null}},"line":12},"1":{"name":"(anonymous_1)","decl":{"start":{"line":17,"column":33},"end":{"line":17,"column":34}},"loc":{"start":{"line":17,"column":44},"end":{"line":17,"column":57}},"line":17},"2":{"name":"(anonymous_2)","decl":{"start":{"line":21,"column":25},"end":{"line":21,"column":32}},"loc":{"start":{"line":21,"column":38},"end":{"line":43,"column":null}},"line":21},"3":{"name":"(anonymous_3)","decl":{"start":{"line":55,"column":93},"end":{"line":55,"column":99}},"loc":{"start":{"line":55,"column":99},"end":{"line":55,"column":null}},"line":55},"4":{"name":"(anonymous_4)","decl":{"start":{"line":79,"column":30},"end":{"line":79,"column":31}},"loc":{"start":{"line":80,"column":28},"end":{"line":83,"column":null}},"line":80},"5":{"name":"(anonymous_5)","decl":{"start":{"line":98,"column":101},"end":{"line":98,"column":107}},"loc":{"start":{"line":98,"column":107},"end":{"line":98,"column":null}},"line":98},"6":{"name":"(anonymous_6)","decl":{"start":{"line":112,"column":33},"end":{"line":112,"column":45}},"loc":{"start":{"line":112,"column":45},"end":{"line":125,"column":null}},"line":112},"7":{"name":"(anonymous_7)","decl":{"start":{"line":153,"column":46},"end":{"line":153,"column":47}},"loc":{"start":{"line":153,"column":53},"end":{"line":153,"column":null}},"line":153},"8":{"name":"(anonymous_8)","decl":{"start":{"line":167,"column":46},"end":{"line":167,"column":47}},"loc":{"start":{"line":167,"column":53},"end":{"line":167,"column":null}},"line":167},"9":{"name":"(anonymous_9)","decl":{"start":{"line":169,"column":63},"end":{"line":169,"column":69}},"loc":{"start":{"line":169,"column":69},"end":{"line":169,"column":101}},"line":169}},"branchMap":{"0":{"loc":{"start":{"line":23,"column":8},"end":{"line":23,"column":null}},"type":"if","locations":[{"start":{"line":23,"column":8},"end":{"line":23,"column":null}},{"start":{},"end":{}}],"line":23},"1":{"loc":{"start":{"line":24,"column":8},"end":{"line":24,"column":null}},"type":"if","locations":[{"start":{"line":24,"column":8},"end":{"line":24,"column":null}},{"start":{},"end":{}}],"line":24},"2":{"loc":{"start":{"line":29,"column":26},"end":{"line":29,"column":null}},"type":"binary-expr","locations":[{"start":{"line":29,"column":26},"end":{"line":29,"column":36}},{"start":{"line":29,"column":36},"end":{"line":29,"column":null}}],"line":29},"3":{"loc":{"start":{"line":31,"column":12},"end":{"line":37,"column":null}},"type":"if","locations":[{"start":{"line":31,"column":12},"end":{"line":37,"column":null}},{"start":{"line":35,"column":19},"end":{"line":37,"column":null}}],"line":31},"4":{"loc":{"start":{"line":32,"column":24},"end":{"line":32,"column":43}},"type":"binary-expr","locations":[{"start":{"line":32,"column":24},"end":{"line":32,"column":32}},{"start":{"line":32,"column":32},"end":{"line":32,"column":43}}],"line":32},"5":{"loc":{"start":{"line":163,"column":42},"end":{"line":163,"column":null}},"type":"cond-expr","locations":[{"start":{"line":163,"column":57},"end":{"line":163,"column":66}},{"start":{"line":163,"column":66},"end":{"line":163,"column":null}}],"line":163},"6":{"loc":{"start":{"line":170,"column":37},"end":{"line":170,"column":null}},"type":"cond-expr","locations":[{"start":{"line":170,"column":52},"end":{"line":170,"column":75}},{"start":{"line":170,"column":75},"end":{"line":170,"column":null}}],"line":170},"7":{"loc":{"start":{"line":184,"column":29},"end":{"line":190,"column":null}},"type":"cond-expr","locations":[{"start":{"line":185,"column":32},"end":{"line":185,"column":null}},{"start":{"line":187,"column":32},"end":{"line":190,"column":null}}],"line":184}},"s":{"0":1,"1":16,"2":16,"3":16,"4":16,"5":16,"6":49,"7":16,"8":16,"9":16,"10":4,"11":4,"12":1,"13":3,"14":3,"15":2,"16":2,"17":2,"18":1,"19":1,"20":4,"21":1,"22":1,"23":1,"24":0,"25":1,"26":2,"27":16,"28":0,"29":48,"30":0,"31":0,"32":0,"33":0,"34":0,"35":0,"36":3,"37":2,"38":2},"f":{"0":16,"1":49,"2":4,"3":0,"4":48,"5":0,"6":0,"7":3,"8":2,"9":2},"b":{"0":[1,3],"1":[1,2],"2":[1,0],"3":[1,0],"4":[1,0],"5":[1,15],"6":[1,15],"7":[2,14]},"meta":{"lastBranch":8,"lastFunction":10,"lastStatement":39,"seen":{"s:12:14:213:Infinity":0,"f:12:14:12:20":0,"s:13:26:13:Infinity":1,"s:14:32:14:Infinity":2,"s:15:40:15:Infinity":3,"s:16:34:16:Infinity":4,"s:17:10:17:Infinity":5,"f:17:33:17:34":1,"s:17:44:17:57":6,"s:18:10:18:Infinity":7,"s:19:10:19:Infinity":8,"s:21:25:43:Infinity":9,"f:21:25:21:32":2,"s:22:8:22:Infinity":10,"b:23:8:23:Infinity:undefined:undefined:undefined:undefined":0,"s:23:8:23:Infinity":11,"s:23:27:23:Infinity":12,"b:24:8:24:Infinity:undefined:undefined:undefined:undefined":1,"s:24:8:24:Infinity":13,"s:24:30:24:Infinity":14,"s:25:8:25:Infinity":15,"s:26:8:42:Infinity":16,"s:27:29:27:Infinity":17,"s:28:51:28:Infinity":18,"s:29:26:29:Infinity":19,"b:29:26:29:36:29:36:29:Infinity":2,"b:31:12:37:Infinity:35:19:37:Infinity":3,"s:31:12:37:Infinity":20,"s:32:16:32:Infinity":21,"b:32:24:32:32:32:32:32:43":4,"s:33:16:33:Infinity":22,"s:34:16:34:Infinity":23,"s:36:16:36:Infinity":24,"s:39:12:39:Infinity":25,"s:41:12:41:Infinity":26,"s:45:4:211:Infinity":27,"f:55:93:55:99":3,"s:55:99:55:Infinity":28,"f:79:30:79:31":4,"s:80:28:83:Infinity":29,"f:98:101:98:107":5,"s:98:107:98:Infinity":30,"f:112:33:112:45":6,"s:114:28:114:Infinity":31,"s:117:28:121:Infinity":32,"s:118:32:118:Infinity":33,"s:120:32:120:Infinity":34,"s:124:28:124:Infinity":35,"f:153:46:153:47":7,"s:153:53:153:Infinity":36,"b:163:57:163:66:163:66:163:Infinity":5,"f:167:46:167:47":8,"s:167:53:167:Infinity":37,"f:169:63:169:69":9,"s:169:69:169:101":38,"b:170:52:170:75:170:75:170:Infinity":6,"b:185:32:185:Infinity:187:32:190:Infinity":7}}}
,"C:\\Users\\mirza\\.gemini\\antigravity\\scratch\\InvoiceAZ\\frontend\\src\\store\\useAuthStore.js": {"path":"C:\\Users\\mirza\\.gemini\\antigravity\\scratch\\InvoiceAZ\\frontend\\src\\store\\useAuthStore.js","statementMap":{"0":{"start":{"line":3,"column":20},"end":{"line":21,"column":3}},"1":{"start":{"line":3,"column":38},"end":{"line":21,"column":1}},"2":{"start":{"line":7,"column":8},"end":{"line":7,"column":53}},"3":{"start":{"line":8,"column":8},"end":{"line":8,"column":29}},"4":{"start":{"line":11,"column":8},"end":{"line":11,"column":49}},"5":{"start":{"line":12,"column":8},"end":{"line":12,"column":51}},"6":{"start":{"line":13,"column":8},"end":{"line":13,"column":41}},"7":{"start":{"line":16,"column":8},"end":{"line":16,"column":49}},"8":{"start":{"line":17,"column":8},"end":{"line":17,"column":51}},"9":{"start":{"line":18,"column":8},"end":{"line":18,"column":41}},"10":{"start":{"line":19,"column":8},"end":{"line":19,"column":35}}},"fnMap":{"0":{"name":"(anonymous_0)","decl":{"start":{"line":3,"column":28},"end":{"line":3,"column":29}},"loc":{"start":{"line":3,"column":38},"end":{"line":21,"column":1}},"line":3},"1":{"name":"(anonymous_1)","decl":{"start":{"line":6,"column":13},"end":{"line":6,"column":14}},"loc":{"start":{"line":6,"column":30},"end":{"line":9,"column":5}},"line":6},"2":{"name":"(anonymous_2)","decl":{"start":{"line":10,"column":15},"end":{"line":10,"column":16}},"loc":{"start":{"line":10,"column":21},"end":{"line":14,"column":5}},"line":10},"3":{"name":"(anonymous_3)","decl":{"start":{"line":15,"column":12},"end":{"line":15,"column":13}},"loc":{"start":{"line":15,"column":18},"end":{"line":20,"column":5}},"line":15}},"branchMap":{},"s":{"0":4,"1":4,"2":2,"3":2,"4":1,"5":1,"6":1,"7":1,"8":1,"9":1,"10":1},"f":{"0":4,"1":2,"2":1,"3":1},"b":{},"meta":{"lastBranch":0,"lastFunction":4,"lastStatement":11,"seen":{"s:3:20:21:3":0,"f:3:28:3:29":0,"s:3:38:21:1":1,"f:6:13:6:14":1,"s:7:8:7:53":2,"s:8:8:8:29":3,"f:10:15:10:16":2,"s:11:8:11:49":4,"s:12:8:12:51":5,"s:13:8:13:41":6,"f:15:12:15:13":3,"s:16:8:16:49":7,"s:17:8:17:51":8,"s:18:8:18:41":9,"s:19:8:19:35":10}}}
,"C:\\Users\\mirza\\.gemini\\antigravity\\scratch\\InvoiceAZ\\frontend\\src\\utils\\currency.js": {"path":"C:\\Users\\mirza\\.gemini\\antigravity\\scratch\\InvoiceAZ\\frontend\\src\\utils\\currency.js","statementMap":{"0":{"start":{"line":1,"column":32},"end":{"line":8,"column":1}}},"fnMap":{},"branchMap":{},"s":{"0":2},"f":{},"b":{},"meta":{"lastBranch":0,"lastFunction":0,"lastStatement":1,"seen":{"s:1:32:8:1":0}}}
}
